
*** Running vivado
    with args -log bd_auto_pc_1.vds -m64 -product Vivado -mode batch -messageDb vivado.pb -notrace -source bd_auto_pc_1.tcl


****** Vivado v2022.2 (64-bit)
  **** SW Build 3671981 on Fri Oct 14 04:59:54 MDT 2022
  **** IP Build 3669848 on Fri Oct 14 08:30:02 MDT 2022
    ** Copyright 1986-2022 Xilinx, Inc. All Rights Reserved.

source bd_auto_pc_1.tcl -notrace
INFO: [IP_Flow 19-6924] IPCACHE: Running cache check for IP inst: bd_auto_pc_1
Command: synth_design -top bd_auto_pc_1 -part xczu3eg-sbva484-1-i -incremental_mode off -mode out_of_context
Starting synth_design
Attempting to get a license for feature 'Synthesis' and/or device 'xczu3eg'
INFO: [Common 17-349] Got license for feature 'Synthesis' and/or device 'xczu3eg'
INFO: [Device 21-403] Loading part xczu3eg-sbva484-1-i
INFO: [Synth 8-7079] Multithreading enabled for synth_design using a maximum of 4 processes.
INFO: [Synth 8-7078] Launching helper process for spawning children vivado processes
INFO: [Synth 8-7075] Helper process launched with PID 2402844
INFO: [Synth 8-11241] undeclared symbol 'REGCCE', assumed default net type 'wire' [/home/caccolillo/Xilinx/Vivado/2022.2/data/verilog/src/unimacro/BRAM_SINGLE_MACRO.v:2170]
---------------------------------------------------------------------------------
Starting RTL Elaboration : Time (s): cpu = 00:00:04 ; elapsed = 00:00:09 . Memory (MB): peak = 2894.359 ; gain = 239.832 ; free physical = 322 ; free virtual = 16187
Synthesis current peak Physical Memory [PSS] (MB): peak = 2018.236; parent = 1938.550; children = 79.687
Synthesis current peak Virtual Memory [VSS] (MB): peak = 3837.383; parent = 2901.301; children = 936.082
---------------------------------------------------------------------------------
INFO: [Synth 8-6157] synthesizing module 'bd_auto_pc_1' [/home/caccolillo/Documents/cat_doorbell/Cat_Doorbell/vivado/ultra96_basic_system/ultra96_basic_system.gen/sources_1/bd/bd/ip/bd_auto_pc_1/synth/bd_auto_pc_1.v:53]
INFO: [Synth 8-6157] synthesizing module 'axi_protocol_converter_v2_1_27_axi_protocol_converter' [/home/caccolillo/Documents/cat_doorbell/Cat_Doorbell/vivado/ultra96_basic_system/ultra96_basic_system.gen/sources_1/bd/bd/ipshared/aeb3/hdl/axi_protocol_converter_v2_1_vl_rfs.v:4807]
INFO: [Synth 8-6157] synthesizing module 'axi_protocol_converter_v2_1_27_b2s' [/home/caccolillo/Documents/cat_doorbell/Cat_Doorbell/vivado/ultra96_basic_system/ultra96_basic_system.gen/sources_1/bd/bd/ipshared/aeb3/hdl/axi_protocol_converter_v2_1_vl_rfs.v:4225]
INFO: [Synth 8-6157] synthesizing module 'axi_protocol_converter_v2_1_27_b2s_aw_channel' [/home/caccolillo/Documents/cat_doorbell/Cat_Doorbell/vivado/ultra96_basic_system/ultra96_basic_system.gen/sources_1/bd/bd/ipshared/aeb3/hdl/axi_protocol_converter_v2_1_vl_rfs.v:3970]
INFO: [Synth 8-6157] synthesizing module 'axi_protocol_converter_v2_1_27_b2s_cmd_translator' [/home/caccolillo/Documents/cat_doorbell/Cat_Doorbell/vivado/ultra96_basic_system/ultra96_basic_system.gen/sources_1/bd/bd/ipshared/aeb3/hdl/axi_protocol_converter_v2_1_vl_rfs.v:3463]
INFO: [Synth 8-6157] synthesizing module 'axi_protocol_converter_v2_1_27_b2s_incr_cmd' [/home/caccolillo/Documents/cat_doorbell/Cat_Doorbell/vivado/ultra96_basic_system/ultra96_basic_system.gen/sources_1/bd/bd/ipshared/aeb3/hdl/axi_protocol_converter_v2_1_vl_rfs.v:3091]
INFO: [Synth 8-6155] done synthesizing module 'axi_protocol_converter_v2_1_27_b2s_incr_cmd' (0#1) [/home/caccolillo/Documents/cat_doorbell/Cat_Doorbell/vivado/ultra96_basic_system/ultra96_basic_system.gen/sources_1/bd/bd/ipshared/aeb3/hdl/axi_protocol_converter_v2_1_vl_rfs.v:3091]
INFO: [Synth 8-6157] synthesizing module 'axi_protocol_converter_v2_1_27_b2s_wrap_cmd' [/home/caccolillo/Documents/cat_doorbell/Cat_Doorbell/vivado/ultra96_basic_system/ultra96_basic_system.gen/sources_1/bd/bd/ipshared/aeb3/hdl/axi_protocol_converter_v2_1_vl_rfs.v:2901]
INFO: [Synth 8-6155] done synthesizing module 'axi_protocol_converter_v2_1_27_b2s_wrap_cmd' (0#1) [/home/caccolillo/Documents/cat_doorbell/Cat_Doorbell/vivado/ultra96_basic_system/ultra96_basic_system.gen/sources_1/bd/bd/ipshared/aeb3/hdl/axi_protocol_converter_v2_1_vl_rfs.v:2901]
INFO: [Synth 8-6155] done synthesizing module 'axi_protocol_converter_v2_1_27_b2s_cmd_translator' (0#1) [/home/caccolillo/Documents/cat_doorbell/Cat_Doorbell/vivado/ultra96_basic_system/ultra96_basic_system.gen/sources_1/bd/bd/ipshared/aeb3/hdl/axi_protocol_converter_v2_1_vl_rfs.v:3463]
INFO: [Synth 8-6157] synthesizing module 'axi_protocol_converter_v2_1_27_b2s_wr_cmd_fsm' [/home/caccolillo/Documents/cat_doorbell/Cat_Doorbell/vivado/ultra96_basic_system/ultra96_basic_system.gen/sources_1/bd/bd/ipshared/aeb3/hdl/axi_protocol_converter_v2_1_vl_rfs.v:3223]
INFO: [Synth 8-226] default block is never used [/home/caccolillo/Documents/cat_doorbell/Cat_Doorbell/vivado/ultra96_basic_system/ultra96_basic_system.gen/sources_1/bd/bd/ipshared/aeb3/hdl/axi_protocol_converter_v2_1_vl_rfs.v:3277]
INFO: [Synth 8-6155] done synthesizing module 'axi_protocol_converter_v2_1_27_b2s_wr_cmd_fsm' (0#1) [/home/caccolillo/Documents/cat_doorbell/Cat_Doorbell/vivado/ultra96_basic_system/ultra96_basic_system.gen/sources_1/bd/bd/ipshared/aeb3/hdl/axi_protocol_converter_v2_1_vl_rfs.v:3223]
INFO: [Synth 8-6155] done synthesizing module 'axi_protocol_converter_v2_1_27_b2s_aw_channel' (0#1) [/home/caccolillo/Documents/cat_doorbell/Cat_Doorbell/vivado/ultra96_basic_system/ultra96_basic_system.gen/sources_1/bd/bd/ipshared/aeb3/hdl/axi_protocol_converter_v2_1_vl_rfs.v:3970]
INFO: [Synth 8-6157] synthesizing module 'axi_protocol_converter_v2_1_27_b2s_b_channel' [/home/caccolillo/Documents/cat_doorbell/Cat_Doorbell/vivado/ultra96_basic_system/ultra96_basic_system.gen/sources_1/bd/bd/ipshared/aeb3/hdl/axi_protocol_converter_v2_1_vl_rfs.v:3605]
INFO: [Synth 8-6157] synthesizing module 'axi_protocol_converter_v2_1_27_b2s_simple_fifo' [/home/caccolillo/Documents/cat_doorbell/Cat_Doorbell/vivado/ultra96_basic_system/ultra96_basic_system.gen/sources_1/bd/bd/ipshared/aeb3/hdl/axi_protocol_converter_v2_1_vl_rfs.v:2815]
INFO: [Synth 8-6155] done synthesizing module 'axi_protocol_converter_v2_1_27_b2s_simple_fifo' (0#1) [/home/caccolillo/Documents/cat_doorbell/Cat_Doorbell/vivado/ultra96_basic_system/ultra96_basic_system.gen/sources_1/bd/bd/ipshared/aeb3/hdl/axi_protocol_converter_v2_1_vl_rfs.v:2815]
INFO: [Synth 8-6157] synthesizing module 'axi_protocol_converter_v2_1_27_b2s_simple_fifo__parameterized0' [/home/caccolillo/Documents/cat_doorbell/Cat_Doorbell/vivado/ultra96_basic_system/ultra96_basic_system.gen/sources_1/bd/bd/ipshared/aeb3/hdl/axi_protocol_converter_v2_1_vl_rfs.v:2815]
INFO: [Synth 8-6155] done synthesizing module 'axi_protocol_converter_v2_1_27_b2s_simple_fifo__parameterized0' (0#1) [/home/caccolillo/Documents/cat_doorbell/Cat_Doorbell/vivado/ultra96_basic_system/ultra96_basic_system.gen/sources_1/bd/bd/ipshared/aeb3/hdl/axi_protocol_converter_v2_1_vl_rfs.v:2815]
INFO: [Synth 8-6155] done synthesizing module 'axi_protocol_converter_v2_1_27_b2s_b_channel' (0#1) [/home/caccolillo/Documents/cat_doorbell/Cat_Doorbell/vivado/ultra96_basic_system/ultra96_basic_system.gen/sources_1/bd/bd/ipshared/aeb3/hdl/axi_protocol_converter_v2_1_vl_rfs.v:3605]
INFO: [Synth 8-6157] synthesizing module 'axi_protocol_converter_v2_1_27_b2s_ar_channel' [/home/caccolillo/Documents/cat_doorbell/Cat_Doorbell/vivado/ultra96_basic_system/ultra96_basic_system.gen/sources_1/bd/bd/ipshared/aeb3/hdl/axi_protocol_converter_v2_1_vl_rfs.v:4081]
INFO: [Synth 8-6157] synthesizing module 'axi_protocol_converter_v2_1_27_b2s_rd_cmd_fsm' [/home/caccolillo/Documents/cat_doorbell/Cat_Doorbell/vivado/ultra96_basic_system/ultra96_basic_system.gen/sources_1/bd/bd/ipshared/aeb3/hdl/axi_protocol_converter_v2_1_vl_rfs.v:3333]
INFO: [Synth 8-226] default block is never used [/home/caccolillo/Documents/cat_doorbell/Cat_Doorbell/vivado/ultra96_basic_system/ultra96_basic_system.gen/sources_1/bd/bd/ipshared/aeb3/hdl/axi_protocol_converter_v2_1_vl_rfs.v:3395]
INFO: [Synth 8-6155] done synthesizing module 'axi_protocol_converter_v2_1_27_b2s_rd_cmd_fsm' (0#1) [/home/caccolillo/Documents/cat_doorbell/Cat_Doorbell/vivado/ultra96_basic_system/ultra96_basic_system.gen/sources_1/bd/bd/ipshared/aeb3/hdl/axi_protocol_converter_v2_1_vl_rfs.v:3333]
INFO: [Synth 8-6155] done synthesizing module 'axi_protocol_converter_v2_1_27_b2s_ar_channel' (0#1) [/home/caccolillo/Documents/cat_doorbell/Cat_Doorbell/vivado/ultra96_basic_system/ultra96_basic_system.gen/sources_1/bd/bd/ipshared/aeb3/hdl/axi_protocol_converter_v2_1_vl_rfs.v:4081]
INFO: [Synth 8-6157] synthesizing module 'axi_protocol_converter_v2_1_27_b2s_r_channel' [/home/caccolillo/Documents/cat_doorbell/Cat_Doorbell/vivado/ultra96_basic_system/ultra96_basic_system.gen/sources_1/bd/bd/ipshared/aeb3/hdl/axi_protocol_converter_v2_1_vl_rfs.v:3810]
INFO: [Synth 8-6157] synthesizing module 'axi_protocol_converter_v2_1_27_b2s_simple_fifo__parameterized1' [/home/caccolillo/Documents/cat_doorbell/Cat_Doorbell/vivado/ultra96_basic_system/ultra96_basic_system.gen/sources_1/bd/bd/ipshared/aeb3/hdl/axi_protocol_converter_v2_1_vl_rfs.v:2815]
INFO: [Synth 8-6155] done synthesizing module 'axi_protocol_converter_v2_1_27_b2s_simple_fifo__parameterized1' (0#1) [/home/caccolillo/Documents/cat_doorbell/Cat_Doorbell/vivado/ultra96_basic_system/ultra96_basic_system.gen/sources_1/bd/bd/ipshared/aeb3/hdl/axi_protocol_converter_v2_1_vl_rfs.v:2815]
INFO: [Synth 8-6157] synthesizing module 'axi_protocol_converter_v2_1_27_b2s_simple_fifo__parameterized2' [/home/caccolillo/Documents/cat_doorbell/Cat_Doorbell/vivado/ultra96_basic_system/ultra96_basic_system.gen/sources_1/bd/bd/ipshared/aeb3/hdl/axi_protocol_converter_v2_1_vl_rfs.v:2815]
INFO: [Synth 8-6155] done synthesizing module 'axi_protocol_converter_v2_1_27_b2s_simple_fifo__parameterized2' (0#1) [/home/caccolillo/Documents/cat_doorbell/Cat_Doorbell/vivado/ultra96_basic_system/ultra96_basic_system.gen/sources_1/bd/bd/ipshared/aeb3/hdl/axi_protocol_converter_v2_1_vl_rfs.v:2815]
INFO: [Synth 8-6155] done synthesizing module 'axi_protocol_converter_v2_1_27_b2s_r_channel' (0#1) [/home/caccolillo/Documents/cat_doorbell/Cat_Doorbell/vivado/ultra96_basic_system/ultra96_basic_system.gen/sources_1/bd/bd/ipshared/aeb3/hdl/axi_protocol_converter_v2_1_vl_rfs.v:3810]
INFO: [Synth 8-6157] synthesizing module 'axi_register_slice_v2_1_27_axi_register_slice' [/home/caccolillo/Documents/cat_doorbell/Cat_Doorbell/vivado/ultra96_basic_system/ultra96_basic_system.gen/sources_1/bd/bd/ipshared/f0b4/hdl/axi_register_slice_v2_1_vl_rfs.v:3725]
INFO: [Synth 8-6157] synthesizing module 'axi_infrastructure_v1_1_0_axi2vector' [/home/caccolillo/Documents/cat_doorbell/Cat_Doorbell/vivado/ultra96_basic_system/ultra96_basic_system.gen/sources_1/bd/bd/ipshared/ec67/hdl/axi_infrastructure_v1_1_vl_rfs.v:59]
INFO: [Synth 8-6155] done synthesizing module 'axi_infrastructure_v1_1_0_axi2vector' (0#1) [/home/caccolillo/Documents/cat_doorbell/Cat_Doorbell/vivado/ultra96_basic_system/ultra96_basic_system.gen/sources_1/bd/bd/ipshared/ec67/hdl/axi_infrastructure_v1_1_vl_rfs.v:59]
INFO: [Synth 8-6157] synthesizing module 'axi_infrastructure_v1_1_0_vector2axi' [/home/caccolillo/Documents/cat_doorbell/Cat_Doorbell/vivado/ultra96_basic_system/ultra96_basic_system.gen/sources_1/bd/bd/ipshared/ec67/hdl/axi_infrastructure_v1_1_vl_rfs.v:473]
INFO: [Synth 8-6155] done synthesizing module 'axi_infrastructure_v1_1_0_vector2axi' (0#1) [/home/caccolillo/Documents/cat_doorbell/Cat_Doorbell/vivado/ultra96_basic_system/ultra96_basic_system.gen/sources_1/bd/bd/ipshared/ec67/hdl/axi_infrastructure_v1_1_vl_rfs.v:473]
INFO: [Synth 8-6157] synthesizing module 'axi_register_slice_v2_1_27_axic_register_slice' [/home/caccolillo/Documents/cat_doorbell/Cat_Doorbell/vivado/ultra96_basic_system/ultra96_basic_system.gen/sources_1/bd/bd/ipshared/f0b4/hdl/axi_register_slice_v2_1_vl_rfs.v:1497]
INFO: [Synth 8-6155] done synthesizing module 'axi_register_slice_v2_1_27_axic_register_slice' (0#1) [/home/caccolillo/Documents/cat_doorbell/Cat_Doorbell/vivado/ultra96_basic_system/ultra96_basic_system.gen/sources_1/bd/bd/ipshared/f0b4/hdl/axi_register_slice_v2_1_vl_rfs.v:1497]
INFO: [Synth 8-6157] synthesizing module 'axi_register_slice_v2_1_27_axic_register_slice__parameterized0' [/home/caccolillo/Documents/cat_doorbell/Cat_Doorbell/vivado/ultra96_basic_system/ultra96_basic_system.gen/sources_1/bd/bd/ipshared/f0b4/hdl/axi_register_slice_v2_1_vl_rfs.v:1497]
INFO: [Synth 8-6155] done synthesizing module 'axi_register_slice_v2_1_27_axic_register_slice__parameterized0' (0#1) [/home/caccolillo/Documents/cat_doorbell/Cat_Doorbell/vivado/ultra96_basic_system/ultra96_basic_system.gen/sources_1/bd/bd/ipshared/f0b4/hdl/axi_register_slice_v2_1_vl_rfs.v:1497]
INFO: [Synth 8-6157] synthesizing module 'axi_register_slice_v2_1_27_axic_register_slice__parameterized1' [/home/caccolillo/Documents/cat_doorbell/Cat_Doorbell/vivado/ultra96_basic_system/ultra96_basic_system.gen/sources_1/bd/bd/ipshared/f0b4/hdl/axi_register_slice_v2_1_vl_rfs.v:1497]
INFO: [Synth 8-6155] done synthesizing module 'axi_register_slice_v2_1_27_axic_register_slice__parameterized1' (0#1) [/home/caccolillo/Documents/cat_doorbell/Cat_Doorbell/vivado/ultra96_basic_system/ultra96_basic_system.gen/sources_1/bd/bd/ipshared/f0b4/hdl/axi_register_slice_v2_1_vl_rfs.v:1497]
INFO: [Synth 8-6157] synthesizing module 'axi_register_slice_v2_1_27_axic_register_slice__parameterized2' [/home/caccolillo/Documents/cat_doorbell/Cat_Doorbell/vivado/ultra96_basic_system/ultra96_basic_system.gen/sources_1/bd/bd/ipshared/f0b4/hdl/axi_register_slice_v2_1_vl_rfs.v:1497]
INFO: [Synth 8-6155] done synthesizing module 'axi_register_slice_v2_1_27_axic_register_slice__parameterized2' (0#1) [/home/caccolillo/Documents/cat_doorbell/Cat_Doorbell/vivado/ultra96_basic_system/ultra96_basic_system.gen/sources_1/bd/bd/ipshared/f0b4/hdl/axi_register_slice_v2_1_vl_rfs.v:1497]
INFO: [Synth 8-6155] done synthesizing module 'axi_register_slice_v2_1_27_axi_register_slice' (0#1) [/home/caccolillo/Documents/cat_doorbell/Cat_Doorbell/vivado/ultra96_basic_system/ultra96_basic_system.gen/sources_1/bd/bd/ipshared/f0b4/hdl/axi_register_slice_v2_1_vl_rfs.v:3725]
WARNING: [Synth 8-7071] port 'aclk2x' of module 'axi_register_slice_v2_1_27_axi_register_slice' is unconnected for instance 'SI_REG' [/home/caccolillo/Documents/cat_doorbell/Cat_Doorbell/vivado/ultra96_basic_system/ultra96_basic_system.gen/sources_1/bd/bd/ipshared/aeb3/hdl/axi_protocol_converter_v2_1_vl_rfs.v:4392]
WARNING: [Synth 8-7023] instance 'SI_REG' of module 'axi_register_slice_v2_1_27_axi_register_slice' has 93 connections declared, but only 92 given [/home/caccolillo/Documents/cat_doorbell/Cat_Doorbell/vivado/ultra96_basic_system/ultra96_basic_system.gen/sources_1/bd/bd/ipshared/aeb3/hdl/axi_protocol_converter_v2_1_vl_rfs.v:4392]
INFO: [Synth 8-6157] synthesizing module 'axi_register_slice_v2_1_27_axi_register_slice__parameterized0' [/home/caccolillo/Documents/cat_doorbell/Cat_Doorbell/vivado/ultra96_basic_system/ultra96_basic_system.gen/sources_1/bd/bd/ipshared/f0b4/hdl/axi_register_slice_v2_1_vl_rfs.v:3725]
INFO: [Synth 8-6157] synthesizing module 'axi_infrastructure_v1_1_0_axi2vector__parameterized0' [/home/caccolillo/Documents/cat_doorbell/Cat_Doorbell/vivado/ultra96_basic_system/ultra96_basic_system.gen/sources_1/bd/bd/ipshared/ec67/hdl/axi_infrastructure_v1_1_vl_rfs.v:59]
INFO: [Synth 8-6155] done synthesizing module 'axi_infrastructure_v1_1_0_axi2vector__parameterized0' (0#1) [/home/caccolillo/Documents/cat_doorbell/Cat_Doorbell/vivado/ultra96_basic_system/ultra96_basic_system.gen/sources_1/bd/bd/ipshared/ec67/hdl/axi_infrastructure_v1_1_vl_rfs.v:59]
INFO: [Synth 8-6157] synthesizing module 'axi_infrastructure_v1_1_0_vector2axi__parameterized0' [/home/caccolillo/Documents/cat_doorbell/Cat_Doorbell/vivado/ultra96_basic_system/ultra96_basic_system.gen/sources_1/bd/bd/ipshared/ec67/hdl/axi_infrastructure_v1_1_vl_rfs.v:473]
INFO: [Synth 8-6155] done synthesizing module 'axi_infrastructure_v1_1_0_vector2axi__parameterized0' (0#1) [/home/caccolillo/Documents/cat_doorbell/Cat_Doorbell/vivado/ultra96_basic_system/ultra96_basic_system.gen/sources_1/bd/bd/ipshared/ec67/hdl/axi_infrastructure_v1_1_vl_rfs.v:473]
INFO: [Synth 8-6157] synthesizing module 'axi_register_slice_v2_1_27_axic_register_slice__parameterized3' [/home/caccolillo/Documents/cat_doorbell/Cat_Doorbell/vivado/ultra96_basic_system/ultra96_basic_system.gen/sources_1/bd/bd/ipshared/f0b4/hdl/axi_register_slice_v2_1_vl_rfs.v:1497]
INFO: [Synth 8-6155] done synthesizing module 'axi_register_slice_v2_1_27_axic_register_slice__parameterized3' (0#1) [/home/caccolillo/Documents/cat_doorbell/Cat_Doorbell/vivado/ultra96_basic_system/ultra96_basic_system.gen/sources_1/bd/bd/ipshared/f0b4/hdl/axi_register_slice_v2_1_vl_rfs.v:1497]
INFO: [Synth 8-6157] synthesizing module 'axi_register_slice_v2_1_27_axic_register_slice__parameterized4' [/home/caccolillo/Documents/cat_doorbell/Cat_Doorbell/vivado/ultra96_basic_system/ultra96_basic_system.gen/sources_1/bd/bd/ipshared/f0b4/hdl/axi_register_slice_v2_1_vl_rfs.v:1497]
INFO: [Synth 8-6155] done synthesizing module 'axi_register_slice_v2_1_27_axic_register_slice__parameterized4' (0#1) [/home/caccolillo/Documents/cat_doorbell/Cat_Doorbell/vivado/ultra96_basic_system/ultra96_basic_system.gen/sources_1/bd/bd/ipshared/f0b4/hdl/axi_register_slice_v2_1_vl_rfs.v:1497]
INFO: [Synth 8-6157] synthesizing module 'axi_register_slice_v2_1_27_axic_register_slice__parameterized5' [/home/caccolillo/Documents/cat_doorbell/Cat_Doorbell/vivado/ultra96_basic_system/ultra96_basic_system.gen/sources_1/bd/bd/ipshared/f0b4/hdl/axi_register_slice_v2_1_vl_rfs.v:1497]
INFO: [Synth 8-6155] done synthesizing module 'axi_register_slice_v2_1_27_axic_register_slice__parameterized5' (0#1) [/home/caccolillo/Documents/cat_doorbell/Cat_Doorbell/vivado/ultra96_basic_system/ultra96_basic_system.gen/sources_1/bd/bd/ipshared/f0b4/hdl/axi_register_slice_v2_1_vl_rfs.v:1497]
INFO: [Synth 8-6157] synthesizing module 'axi_register_slice_v2_1_27_axic_register_slice__parameterized6' [/home/caccolillo/Documents/cat_doorbell/Cat_Doorbell/vivado/ultra96_basic_system/ultra96_basic_system.gen/sources_1/bd/bd/ipshared/f0b4/hdl/axi_register_slice_v2_1_vl_rfs.v:1497]
INFO: [Synth 8-6155] done synthesizing module 'axi_register_slice_v2_1_27_axic_register_slice__parameterized6' (0#1) [/home/caccolillo/Documents/cat_doorbell/Cat_Doorbell/vivado/ultra96_basic_system/ultra96_basic_system.gen/sources_1/bd/bd/ipshared/f0b4/hdl/axi_register_slice_v2_1_vl_rfs.v:1497]
INFO: [Synth 8-6155] done synthesizing module 'axi_register_slice_v2_1_27_axi_register_slice__parameterized0' (0#1) [/home/caccolillo/Documents/cat_doorbell/Cat_Doorbell/vivado/ultra96_basic_system/ultra96_basic_system.gen/sources_1/bd/bd/ipshared/f0b4/hdl/axi_register_slice_v2_1_vl_rfs.v:3725]
WARNING: [Synth 8-7071] port 'aclk2x' of module 'axi_register_slice_v2_1_27_axi_register_slice' is unconnected for instance 'MI_REG' [/home/caccolillo/Documents/cat_doorbell/Cat_Doorbell/vivado/ultra96_basic_system/ultra96_basic_system.gen/sources_1/bd/bd/ipshared/aeb3/hdl/axi_protocol_converter_v2_1_vl_rfs.v:4647]
WARNING: [Synth 8-7023] instance 'MI_REG' of module 'axi_register_slice_v2_1_27_axi_register_slice' has 93 connections declared, but only 92 given [/home/caccolillo/Documents/cat_doorbell/Cat_Doorbell/vivado/ultra96_basic_system/ultra96_basic_system.gen/sources_1/bd/bd/ipshared/aeb3/hdl/axi_protocol_converter_v2_1_vl_rfs.v:4647]
INFO: [Synth 8-6155] done synthesizing module 'axi_protocol_converter_v2_1_27_b2s' (0#1) [/home/caccolillo/Documents/cat_doorbell/Cat_Doorbell/vivado/ultra96_basic_system/ultra96_basic_system.gen/sources_1/bd/bd/ipshared/aeb3/hdl/axi_protocol_converter_v2_1_vl_rfs.v:4225]
INFO: [Synth 8-6155] done synthesizing module 'axi_protocol_converter_v2_1_27_axi_protocol_converter' (0#1) [/home/caccolillo/Documents/cat_doorbell/Cat_Doorbell/vivado/ultra96_basic_system/ultra96_basic_system.gen/sources_1/bd/bd/ipshared/aeb3/hdl/axi_protocol_converter_v2_1_vl_rfs.v:4807]
INFO: [Synth 8-6155] done synthesizing module 'bd_auto_pc_1' (0#1) [/home/caccolillo/Documents/cat_doorbell/Cat_Doorbell/vivado/ultra96_basic_system/ultra96_basic_system.gen/sources_1/bd/bd/ip/bd_auto_pc_1/synth/bd_auto_pc_1.v:53]
WARNING: [Synth 8-6014] Unused sequential element state_r1_reg was removed.  [/home/caccolillo/Documents/cat_doorbell/Cat_Doorbell/vivado/ultra96_basic_system/ultra96_basic_system.gen/sources_1/bd/bd/ipshared/aeb3/hdl/axi_protocol_converter_v2_1_vl_rfs.v:3383]
WARNING: [Synth 8-6014] Unused sequential element s_arlen_r_reg was removed.  [/home/caccolillo/Documents/cat_doorbell/Cat_Doorbell/vivado/ultra96_basic_system/ultra96_basic_system.gen/sources_1/bd/bd/ipshared/aeb3/hdl/axi_protocol_converter_v2_1_vl_rfs.v:3384]
WARNING: [Synth 8-7129] Port ACLK in module axi_register_slice_v2_1_27_axic_register_slice__parameterized6 is either unconnected or has no load
WARNING: [Synth 8-7129] Port ARESET in module axi_register_slice_v2_1_27_axic_register_slice__parameterized6 is either unconnected or has no load
WARNING: [Synth 8-7129] Port ACLK in module axi_register_slice_v2_1_27_axic_register_slice__parameterized3 is either unconnected or has no load
WARNING: [Synth 8-7129] Port ARESET in module axi_register_slice_v2_1_27_axic_register_slice__parameterized3 is either unconnected or has no load
WARNING: [Synth 8-7129] Port ACLK in module axi_register_slice_v2_1_27_axic_register_slice__parameterized5 is either unconnected or has no load
WARNING: [Synth 8-7129] Port ARESET in module axi_register_slice_v2_1_27_axic_register_slice__parameterized5 is either unconnected or has no load
WARNING: [Synth 8-7129] Port ACLK in module axi_register_slice_v2_1_27_axic_register_slice__parameterized4 is either unconnected or has no load
WARNING: [Synth 8-7129] Port ARESET in module axi_register_slice_v2_1_27_axic_register_slice__parameterized4 is either unconnected or has no load
WARNING: [Synth 8-7129] Port m_axi_bid[0] in module axi_infrastructure_v1_1_0_vector2axi__parameterized0 is either unconnected or has no load
WARNING: [Synth 8-7129] Port m_axi_buser[0] in module axi_infrastructure_v1_1_0_vector2axi__parameterized0 is either unconnected or has no load
WARNING: [Synth 8-7129] Port m_axi_rid[0] in module axi_infrastructure_v1_1_0_vector2axi__parameterized0 is either unconnected or has no load
WARNING: [Synth 8-7129] Port m_axi_rlast in module axi_infrastructure_v1_1_0_vector2axi__parameterized0 is either unconnected or has no load
WARNING: [Synth 8-7129] Port m_axi_ruser[0] in module axi_infrastructure_v1_1_0_vector2axi__parameterized0 is either unconnected or has no load
WARNING: [Synth 8-7129] Port s_axi_awid[0] in module axi_infrastructure_v1_1_0_axi2vector__parameterized0 is either unconnected or has no load
WARNING: [Synth 8-7129] Port s_axi_awlen[7] in module axi_infrastructure_v1_1_0_axi2vector__parameterized0 is either unconnected or has no load
WARNING: [Synth 8-7129] Port s_axi_awlen[6] in module axi_infrastructure_v1_1_0_axi2vector__parameterized0 is either unconnected or has no load
WARNING: [Synth 8-7129] Port s_axi_awlen[5] in module axi_infrastructure_v1_1_0_axi2vector__parameterized0 is either unconnected or has no load
WARNING: [Synth 8-7129] Port s_axi_awlen[4] in module axi_infrastructure_v1_1_0_axi2vector__parameterized0 is either unconnected or has no load
WARNING: [Synth 8-7129] Port s_axi_awlen[3] in module axi_infrastructure_v1_1_0_axi2vector__parameterized0 is either unconnected or has no load
WARNING: [Synth 8-7129] Port s_axi_awlen[2] in module axi_infrastructure_v1_1_0_axi2vector__parameterized0 is either unconnected or has no load
WARNING: [Synth 8-7129] Port s_axi_awlen[1] in module axi_infrastructure_v1_1_0_axi2vector__parameterized0 is either unconnected or has no load
WARNING: [Synth 8-7129] Port s_axi_awlen[0] in module axi_infrastructure_v1_1_0_axi2vector__parameterized0 is either unconnected or has no load
WARNING: [Synth 8-7129] Port s_axi_awsize[2] in module axi_infrastructure_v1_1_0_axi2vector__parameterized0 is either unconnected or has no load
WARNING: [Synth 8-7129] Port s_axi_awsize[1] in module axi_infrastructure_v1_1_0_axi2vector__parameterized0 is either unconnected or has no load
WARNING: [Synth 8-7129] Port s_axi_awsize[0] in module axi_infrastructure_v1_1_0_axi2vector__parameterized0 is either unconnected or has no load
WARNING: [Synth 8-7129] Port s_axi_awburst[1] in module axi_infrastructure_v1_1_0_axi2vector__parameterized0 is either unconnected or has no load
WARNING: [Synth 8-7129] Port s_axi_awburst[0] in module axi_infrastructure_v1_1_0_axi2vector__parameterized0 is either unconnected or has no load
WARNING: [Synth 8-7129] Port s_axi_awlock[0] in module axi_infrastructure_v1_1_0_axi2vector__parameterized0 is either unconnected or has no load
WARNING: [Synth 8-7129] Port s_axi_awcache[3] in module axi_infrastructure_v1_1_0_axi2vector__parameterized0 is either unconnected or has no load
WARNING: [Synth 8-7129] Port s_axi_awcache[2] in module axi_infrastructure_v1_1_0_axi2vector__parameterized0 is either unconnected or has no load
WARNING: [Synth 8-7129] Port s_axi_awcache[1] in module axi_infrastructure_v1_1_0_axi2vector__parameterized0 is either unconnected or has no load
WARNING: [Synth 8-7129] Port s_axi_awcache[0] in module axi_infrastructure_v1_1_0_axi2vector__parameterized0 is either unconnected or has no load
WARNING: [Synth 8-7129] Port s_axi_awregion[3] in module axi_infrastructure_v1_1_0_axi2vector__parameterized0 is either unconnected or has no load
WARNING: [Synth 8-7129] Port s_axi_awregion[2] in module axi_infrastructure_v1_1_0_axi2vector__parameterized0 is either unconnected or has no load
WARNING: [Synth 8-7129] Port s_axi_awregion[1] in module axi_infrastructure_v1_1_0_axi2vector__parameterized0 is either unconnected or has no load
WARNING: [Synth 8-7129] Port s_axi_awregion[0] in module axi_infrastructure_v1_1_0_axi2vector__parameterized0 is either unconnected or has no load
WARNING: [Synth 8-7129] Port s_axi_awqos[3] in module axi_infrastructure_v1_1_0_axi2vector__parameterized0 is either unconnected or has no load
WARNING: [Synth 8-7129] Port s_axi_awqos[2] in module axi_infrastructure_v1_1_0_axi2vector__parameterized0 is either unconnected or has no load
WARNING: [Synth 8-7129] Port s_axi_awqos[1] in module axi_infrastructure_v1_1_0_axi2vector__parameterized0 is either unconnected or has no load
WARNING: [Synth 8-7129] Port s_axi_awqos[0] in module axi_infrastructure_v1_1_0_axi2vector__parameterized0 is either unconnected or has no load
WARNING: [Synth 8-7129] Port s_axi_awuser[0] in module axi_infrastructure_v1_1_0_axi2vector__parameterized0 is either unconnected or has no load
WARNING: [Synth 8-7129] Port s_axi_wid[0] in module axi_infrastructure_v1_1_0_axi2vector__parameterized0 is either unconnected or has no load
WARNING: [Synth 8-7129] Port s_axi_wlast in module axi_infrastructure_v1_1_0_axi2vector__parameterized0 is either unconnected or has no load
WARNING: [Synth 8-7129] Port s_axi_wuser[0] in module axi_infrastructure_v1_1_0_axi2vector__parameterized0 is either unconnected or has no load
WARNING: [Synth 8-7129] Port s_axi_arid[0] in module axi_infrastructure_v1_1_0_axi2vector__parameterized0 is either unconnected or has no load
WARNING: [Synth 8-7129] Port s_axi_arlen[7] in module axi_infrastructure_v1_1_0_axi2vector__parameterized0 is either unconnected or has no load
WARNING: [Synth 8-7129] Port s_axi_arlen[6] in module axi_infrastructure_v1_1_0_axi2vector__parameterized0 is either unconnected or has no load
WARNING: [Synth 8-7129] Port s_axi_arlen[5] in module axi_infrastructure_v1_1_0_axi2vector__parameterized0 is either unconnected or has no load
WARNING: [Synth 8-7129] Port s_axi_arlen[4] in module axi_infrastructure_v1_1_0_axi2vector__parameterized0 is either unconnected or has no load
WARNING: [Synth 8-7129] Port s_axi_arlen[3] in module axi_infrastructure_v1_1_0_axi2vector__parameterized0 is either unconnected or has no load
WARNING: [Synth 8-7129] Port s_axi_arlen[2] in module axi_infrastructure_v1_1_0_axi2vector__parameterized0 is either unconnected or has no load
WARNING: [Synth 8-7129] Port s_axi_arlen[1] in module axi_infrastructure_v1_1_0_axi2vector__parameterized0 is either unconnected or has no load
WARNING: [Synth 8-7129] Port s_axi_arlen[0] in module axi_infrastructure_v1_1_0_axi2vector__parameterized0 is either unconnected or has no load
WARNING: [Synth 8-7129] Port s_axi_arsize[2] in module axi_infrastructure_v1_1_0_axi2vector__parameterized0 is either unconnected or has no load
WARNING: [Synth 8-7129] Port s_axi_arsize[1] in module axi_infrastructure_v1_1_0_axi2vector__parameterized0 is either unconnected or has no load
WARNING: [Synth 8-7129] Port s_axi_arsize[0] in module axi_infrastructure_v1_1_0_axi2vector__parameterized0 is either unconnected or has no load
WARNING: [Synth 8-7129] Port s_axi_arburst[1] in module axi_infrastructure_v1_1_0_axi2vector__parameterized0 is either unconnected or has no load
WARNING: [Synth 8-7129] Port s_axi_arburst[0] in module axi_infrastructure_v1_1_0_axi2vector__parameterized0 is either unconnected or has no load
WARNING: [Synth 8-7129] Port s_axi_arlock[0] in module axi_infrastructure_v1_1_0_axi2vector__parameterized0 is either unconnected or has no load
WARNING: [Synth 8-7129] Port s_axi_arcache[3] in module axi_infrastructure_v1_1_0_axi2vector__parameterized0 is either unconnected or has no load
WARNING: [Synth 8-7129] Port s_axi_arcache[2] in module axi_infrastructure_v1_1_0_axi2vector__parameterized0 is either unconnected or has no load
WARNING: [Synth 8-7129] Port s_axi_arcache[1] in module axi_infrastructure_v1_1_0_axi2vector__parameterized0 is either unconnected or has no load
WARNING: [Synth 8-7129] Port s_axi_arcache[0] in module axi_infrastructure_v1_1_0_axi2vector__parameterized0 is either unconnected or has no load
WARNING: [Synth 8-7129] Port s_axi_arregion[3] in module axi_infrastructure_v1_1_0_axi2vector__parameterized0 is either unconnected or has no load
WARNING: [Synth 8-7129] Port s_axi_arregion[2] in module axi_infrastructure_v1_1_0_axi2vector__parameterized0 is either unconnected or has no load
WARNING: [Synth 8-7129] Port s_axi_arregion[1] in module axi_infrastructure_v1_1_0_axi2vector__parameterized0 is either unconnected or has no load
WARNING: [Synth 8-7129] Port s_axi_arregion[0] in module axi_infrastructure_v1_1_0_axi2vector__parameterized0 is either unconnected or has no load
WARNING: [Synth 8-7129] Port s_axi_arqos[3] in module axi_infrastructure_v1_1_0_axi2vector__parameterized0 is either unconnected or has no load
WARNING: [Synth 8-7129] Port s_axi_arqos[2] in module axi_infrastructure_v1_1_0_axi2vector__parameterized0 is either unconnected or has no load
WARNING: [Synth 8-7129] Port s_axi_arqos[1] in module axi_infrastructure_v1_1_0_axi2vector__parameterized0 is either unconnected or has no load
WARNING: [Synth 8-7129] Port s_axi_arqos[0] in module axi_infrastructure_v1_1_0_axi2vector__parameterized0 is either unconnected or has no load
WARNING: [Synth 8-7129] Port s_axi_aruser[0] in module axi_infrastructure_v1_1_0_axi2vector__parameterized0 is either unconnected or has no load
WARNING: [Synth 8-7129] Port aclk2x in module axi_register_slice_v2_1_27_axi_register_slice__parameterized0 is either unconnected or has no load
WARNING: [Synth 8-7129] Port ACLK in module axi_register_slice_v2_1_27_axic_register_slice__parameterized0 is either unconnected or has no load
WARNING: [Synth 8-7129] Port ARESET in module axi_register_slice_v2_1_27_axic_register_slice__parameterized0 is either unconnected or has no load
WARNING: [Synth 8-7129] Port m_axi_buser[0] in module axi_infrastructure_v1_1_0_vector2axi is either unconnected or has no load
WARNING: [Synth 8-7129] Port m_axi_ruser[0] in module axi_infrastructure_v1_1_0_vector2axi is either unconnected or has no load
WARNING: [Synth 8-7129] Port s_axi_awuser[0] in module axi_infrastructure_v1_1_0_axi2vector is either unconnected or has no load
WARNING: [Synth 8-7129] Port s_axi_wid[0] in module axi_infrastructure_v1_1_0_axi2vector is either unconnected or has no load
WARNING: [Synth 8-7129] Port s_axi_wuser[0] in module axi_infrastructure_v1_1_0_axi2vector is either unconnected or has no load
WARNING: [Synth 8-7129] Port s_axi_aruser[0] in module axi_infrastructure_v1_1_0_axi2vector is either unconnected or has no load
WARNING: [Synth 8-7129] Port aclk2x in module axi_register_slice_v2_1_27_axi_register_slice is either unconnected or has no load
WARNING: [Synth 8-7129] Port s_arlen[7] in module axi_protocol_converter_v2_1_27_b2s_rd_cmd_fsm is either unconnected or has no load
WARNING: [Synth 8-7129] Port s_arlen[6] in module axi_protocol_converter_v2_1_27_b2s_rd_cmd_fsm is either unconnected or has no load
WARNING: [Synth 8-7129] Port s_arlen[5] in module axi_protocol_converter_v2_1_27_b2s_rd_cmd_fsm is either unconnected or has no load
WARNING: [Synth 8-7129] Port s_arlen[4] in module axi_protocol_converter_v2_1_27_b2s_rd_cmd_fsm is either unconnected or has no load
WARNING: [Synth 8-7129] Port s_arlen[3] in module axi_protocol_converter_v2_1_27_b2s_rd_cmd_fsm is either unconnected or has no load
WARNING: [Synth 8-7129] Port s_arlen[2] in module axi_protocol_converter_v2_1_27_b2s_rd_cmd_fsm is either unconnected or has no load
WARNING: [Synth 8-7129] Port s_arlen[1] in module axi_protocol_converter_v2_1_27_b2s_rd_cmd_fsm is either unconnected or has no load
WARNING: [Synth 8-7129] Port s_arlen[0] in module axi_protocol_converter_v2_1_27_b2s_rd_cmd_fsm is either unconnected or has no load
WARNING: [Synth 8-7129] Port axlen[7] in module axi_protocol_converter_v2_1_27_b2s_wrap_cmd is either unconnected or has no load
WARNING: [Synth 8-7129] Port axlen[6] in module axi_protocol_converter_v2_1_27_b2s_wrap_cmd is either unconnected or has no load
WARNING: [Synth 8-7129] Port axlen[5] in module axi_protocol_converter_v2_1_27_b2s_wrap_cmd is either unconnected or has no load
WARNING: [Synth 8-7129] Port axlen[4] in module axi_protocol_converter_v2_1_27_b2s_wrap_cmd is either unconnected or has no load
WARNING: [Synth 8-7129] Port axsize[2] in module axi_protocol_converter_v2_1_27_b2s_wrap_cmd is either unconnected or has no load
WARNING: [Synth 8-7129] Port axsize[2] in module axi_protocol_converter_v2_1_27_b2s_incr_cmd is either unconnected or has no load
WARNING: [Synth 8-7129] Port b_resp_rdy in module axi_protocol_converter_v2_1_27_b2s_b_channel is either unconnected or has no load
WARNING: [Synth 8-7129] Port s_axi_awlock[0] in module axi_protocol_converter_v2_1_27_axi_protocol_converter is either unconnected or has no load
WARNING: [Synth 8-7129] Port s_axi_awcache[3] in module axi_protocol_converter_v2_1_27_axi_protocol_converter is either unconnected or has no load
WARNING: [Synth 8-7129] Port s_axi_awcache[2] in module axi_protocol_converter_v2_1_27_axi_protocol_converter is either unconnected or has no load
INFO: [Common 17-14] Message 'Synth 8-7129' appears 100 times and further instances of the messages will be disabled. Use the Tcl command set_msg_config to change the current settings.
---------------------------------------------------------------------------------
Finished RTL Elaboration : Time (s): cpu = 00:00:07 ; elapsed = 00:00:16 . Memory (MB): peak = 3074.234 ; gain = 419.707 ; free physical = 691 ; free virtual = 16235
Synthesis current peak Physical Memory [PSS] (MB): peak = 2103.368; parent = 2011.548; children = 117.331
Synthesis current peak Virtual Memory [VSS] (MB): peak = 4102.836; parent = 3074.238; children = 1028.598
---------------------------------------------------------------------------------
---------------------------------------------------------------------------------
Start Handling Custom Attributes
---------------------------------------------------------------------------------
---------------------------------------------------------------------------------
Finished Handling Custom Attributes : Time (s): cpu = 00:00:07 ; elapsed = 00:00:16 . Memory (MB): peak = 3089.078 ; gain = 434.551 ; free physical = 895 ; free virtual = 16442
Synthesis current peak Physical Memory [PSS] (MB): peak = 2103.368; parent = 2011.548; children = 117.331
Synthesis current peak Virtual Memory [VSS] (MB): peak = 4117.680; parent = 3089.082; children = 1028.598
---------------------------------------------------------------------------------
---------------------------------------------------------------------------------
Finished RTL Optimization Phase 1 : Time (s): cpu = 00:00:07 ; elapsed = 00:00:16 . Memory (MB): peak = 3089.078 ; gain = 434.551 ; free physical = 899 ; free virtual = 16453
Synthesis current peak Physical Memory [PSS] (MB): peak = 2103.368; parent = 2011.548; children = 117.331
Synthesis current peak Virtual Memory [VSS] (MB): peak = 4117.680; parent = 3089.082; children = 1028.598
---------------------------------------------------------------------------------
Netlist sorting complete. Time (s): cpu = 00:00:00.02 ; elapsed = 00:00:00.02 . Memory (MB): peak = 3089.078 ; gain = 0.000 ; free physical = 1130 ; free virtual = 16702
INFO: [Project 1-570] Preparing netlist for logic optimization

Processing XDC Constraints
Initializing timing engine
Parsing XDC File [/home/caccolillo/Documents/cat_doorbell/Cat_Doorbell/vivado/ultra96_basic_system/ultra96_basic_system.gen/sources_1/bd/bd/ip/bd_auto_pc_1/bd_auto_pc_1_ooc.xdc] for cell 'inst'
Finished Parsing XDC File [/home/caccolillo/Documents/cat_doorbell/Cat_Doorbell/vivado/ultra96_basic_system/ultra96_basic_system.gen/sources_1/bd/bd/ip/bd_auto_pc_1/bd_auto_pc_1_ooc.xdc] for cell 'inst'
Parsing XDC File [/home/caccolillo/Documents/cat_doorbell/Cat_Doorbell/vivado/ultra96_basic_system/ultra96_basic_system.runs/bd_auto_pc_1_synth_1/dont_touch.xdc]
Finished Parsing XDC File [/home/caccolillo/Documents/cat_doorbell/Cat_Doorbell/vivado/ultra96_basic_system/ultra96_basic_system.runs/bd_auto_pc_1_synth_1/dont_touch.xdc]
Completed Processing XDC Constraints

Netlist sorting complete. Time (s): cpu = 00:00:00.01 ; elapsed = 00:00:00 . Memory (MB): peak = 3221.828 ; gain = 0.000 ; free physical = 727 ; free virtual = 16359
INFO: [Project 1-111] Unisim Transformation Summary:
No Unisim elements were transformed.

Constraint Validation Runtime : Time (s): cpu = 00:00:00.04 ; elapsed = 00:00:00.03 . Memory (MB): peak = 3221.828 ; gain = 0.000 ; free physical = 726 ; free virtual = 16358
INFO: [Designutils 20-5008] Incremental synthesis strategy off
INFO: [Synth 8-11241] undeclared symbol 'REGCCE', assumed default net type 'wire' [/home/caccolillo/Xilinx/Vivado/2022.2/data/verilog/src/unimacro/BRAM_SINGLE_MACRO.v:2170]
---------------------------------------------------------------------------------
Finished Constraint Validation : Time (s): cpu = 00:00:13 ; elapsed = 00:00:23 . Memory (MB): peak = 3221.828 ; gain = 567.301 ; free physical = 931 ; free virtual = 16612
Synthesis current peak Physical Memory [PSS] (MB): peak = 2103.368; parent = 2011.548; children = 117.331
Synthesis current peak Virtual Memory [VSS] (MB): peak = 4218.414; parent = 3189.816; children = 1028.598
---------------------------------------------------------------------------------
---------------------------------------------------------------------------------
Start Loading Part and Timing Information
---------------------------------------------------------------------------------
Loading part: xczu3eg-sbva484-1-i
INFO: [Synth 8-6742] Reading net delay rules and data
---------------------------------------------------------------------------------
Finished Loading Part and Timing Information : Time (s): cpu = 00:00:13 ; elapsed = 00:00:23 . Memory (MB): peak = 3221.828 ; gain = 567.301 ; free physical = 931 ; free virtual = 16611
Synthesis current peak Physical Memory [PSS] (MB): peak = 2103.368; parent = 2011.548; children = 117.331
Synthesis current peak Virtual Memory [VSS] (MB): peak = 4218.414; parent = 3189.816; children = 1028.598
---------------------------------------------------------------------------------
---------------------------------------------------------------------------------
Start Applying 'set_property' XDC Constraints
---------------------------------------------------------------------------------
Applied set_property KEEP_HIERARCHY = SOFT for inst. (constraint file  /home/caccolillo/Documents/cat_doorbell/Cat_Doorbell/vivado/ultra96_basic_system/ultra96_basic_system.runs/bd_auto_pc_1_synth_1/dont_touch.xdc, line 9).
---------------------------------------------------------------------------------
Finished applying 'set_property' XDC Constraints : Time (s): cpu = 00:00:13 ; elapsed = 00:00:23 . Memory (MB): peak = 3221.828 ; gain = 567.301 ; free physical = 929 ; free virtual = 16609
Synthesis current peak Physical Memory [PSS] (MB): peak = 2103.368; parent = 2011.548; children = 117.331
Synthesis current peak Virtual Memory [VSS] (MB): peak = 4218.414; parent = 3189.816; children = 1028.598
---------------------------------------------------------------------------------
INFO: [Synth 8-802] inferred FSM for state register 'state_reg' in module 'axi_protocol_converter_v2_1_27_b2s_wr_cmd_fsm'
INFO: [Synth 8-802] inferred FSM for state register 'state_reg' in module 'axi_protocol_converter_v2_1_27_b2s_rd_cmd_fsm'
---------------------------------------------------------------------------------------------------
                   State |                     New Encoding |                Previous Encoding 
---------------------------------------------------------------------------------------------------
                 SM_IDLE |                               01 |                               00
               SM_CMD_EN |                               11 |                               01
         SM_CMD_ACCEPTED |                               10 |                               10
            SM_DONE_WAIT |                               00 |                               11
---------------------------------------------------------------------------------------------------
INFO: [Synth 8-3354] encoded FSM with state register 'state_reg' using encoding 'sequential' in module 'axi_protocol_converter_v2_1_27_b2s_wr_cmd_fsm'
---------------------------------------------------------------------------------------------------
                   State |                     New Encoding |                Previous Encoding 
---------------------------------------------------------------------------------------------------
                 SM_IDLE |                               01 |                               00
               SM_CMD_EN |                               11 |                               01
         SM_CMD_ACCEPTED |                               10 |                               10
                 SM_DONE |                               00 |                               11
---------------------------------------------------------------------------------------------------
INFO: [Synth 8-3354] encoded FSM with state register 'state_reg' using encoding 'sequential' in module 'axi_protocol_converter_v2_1_27_b2s_rd_cmd_fsm'
---------------------------------------------------------------------------------
Finished RTL Optimization Phase 2 : Time (s): cpu = 00:00:14 ; elapsed = 00:00:24 . Memory (MB): peak = 3221.828 ; gain = 567.301 ; free physical = 888 ; free virtual = 16574
Synthesis current peak Physical Memory [PSS] (MB): peak = 2103.368; parent = 2011.548; children = 117.331
Synthesis current peak Virtual Memory [VSS] (MB): peak = 4218.414; parent = 3189.816; children = 1028.598
---------------------------------------------------------------------------------
---------------------------------------------------------------------------------
Start RTL Component Statistics 
---------------------------------------------------------------------------------
Detailed RTL Component Info : 
+---Adders : 
	   2 Input   12 Bit       Adders := 8     
	   2 Input    9 Bit       Adders := 2     
	   2 Input    8 Bit       Adders := 1     
	   2 Input    5 Bit       Adders := 4     
	   2 Input    4 Bit       Adders := 4     
	   2 Input    2 Bit       Adders := 2     
+---Registers : 
	               70 Bit    Registers := 4     
	               36 Bit    Registers := 2     
	               12 Bit    Registers := 6     
	                9 Bit    Registers := 2     
	                8 Bit    Registers := 2     
	                5 Bit    Registers := 4     
	                4 Bit    Registers := 6     
	                3 Bit    Registers := 2     
	                2 Bit    Registers := 7     
	                1 Bit    Registers := 31    
+---Muxes : 
	   2 Input   70 Bit        Muxes := 4     
	   2 Input   40 Bit        Muxes := 8     
	   2 Input   36 Bit        Muxes := 2     
	   2 Input   12 Bit        Muxes := 6     
	   2 Input    9 Bit        Muxes := 4     
	   2 Input    5 Bit        Muxes := 4     
	   2 Input    4 Bit        Muxes := 18    
	   2 Input    3 Bit        Muxes := 2     
	   2 Input    2 Bit        Muxes := 17    
	   4 Input    2 Bit        Muxes := 4     
	   2 Input    1 Bit        Muxes := 29    
---------------------------------------------------------------------------------
Finished RTL Component Statistics 
---------------------------------------------------------------------------------
---------------------------------------------------------------------------------
Start Part Resource Summary
---------------------------------------------------------------------------------
Part Resources:
DSPs: 360 (col length:72)
BRAMs: 432 (col length: RAMB18 72 RAMB36 36)
---------------------------------------------------------------------------------
Finished Part Resource Summary
---------------------------------------------------------------------------------
---------------------------------------------------------------------------------
Start Cross Boundary and Area Optimization
---------------------------------------------------------------------------------
WARNING: [Synth 8-7080] Parallel synthesis criteria is not met
INFO: [Synth 8-3936] Found unconnected internal register 'gen_axilite.gen_b2s_conv.axilite_b2s/SI_REG/aw.aw_pipe/m_payload_i_reg' and it is trimmed from '70' to '62' bits. [/home/caccolillo/Documents/cat_doorbell/Cat_Doorbell/vivado/ultra96_basic_system/ultra96_basic_system.gen/sources_1/bd/bd/ipshared/f0b4/hdl/axi_register_slice_v2_1_vl_rfs.v:1731]
INFO: [Synth 8-3936] Found unconnected internal register 'gen_axilite.gen_b2s_conv.axilite_b2s/SI_REG/ar.ar_pipe/m_payload_i_reg' and it is trimmed from '70' to '62' bits. [/home/caccolillo/Documents/cat_doorbell/Cat_Doorbell/vivado/ultra96_basic_system/ultra96_basic_system.gen/sources_1/bd/bd/ipshared/f0b4/hdl/axi_register_slice_v2_1_vl_rfs.v:1731]
---------------------------------------------------------------------------------
Finished Cross Boundary and Area Optimization : Time (s): cpu = 00:00:16 ; elapsed = 00:00:26 . Memory (MB): peak = 3221.828 ; gain = 567.301 ; free physical = 713 ; free virtual = 16456
Synthesis current peak Physical Memory [PSS] (MB): peak = 2103.368; parent = 2011.548; children = 117.331
Synthesis current peak Virtual Memory [VSS] (MB): peak = 4218.414; parent = 3189.816; children = 1028.598
---------------------------------------------------------------------------------
---------------------------------------------------------------------------------
Start Applying XDC Timing Constraints
---------------------------------------------------------------------------------
---------------------------------------------------------------------------------
Finished Applying XDC Timing Constraints : Time (s): cpu = 00:00:22 ; elapsed = 00:00:42 . Memory (MB): peak = 3521.023 ; gain = 866.496 ; free physical = 220 ; free virtual = 14986
Synthesis current peak Physical Memory [PSS] (MB): peak = 2480.998; parent = 2367.354; children = 117.331
Synthesis current peak Virtual Memory [VSS] (MB): peak = 4549.625; parent = 3521.027; children = 1028.598
---------------------------------------------------------------------------------
---------------------------------------------------------------------------------
Start Timing Optimization
---------------------------------------------------------------------------------
---------------------------------------------------------------------------------
Finished Timing Optimization : Time (s): cpu = 00:00:23 ; elapsed = 00:00:45 . Memory (MB): peak = 3569.844 ; gain = 915.316 ; free physical = 237 ; free virtual = 14857
Synthesis current peak Physical Memory [PSS] (MB): peak = 2485.683; parent = 2372.104; children = 117.331
Synthesis current peak Virtual Memory [VSS] (MB): peak = 4598.445; parent = 3569.848; children = 1028.598
---------------------------------------------------------------------------------
---------------------------------------------------------------------------------
Start Technology Mapping
---------------------------------------------------------------------------------
---------------------------------------------------------------------------------
Finished Technology Mapping : Time (s): cpu = 00:00:24 ; elapsed = 00:00:45 . Memory (MB): peak = 3585.859 ; gain = 931.332 ; free physical = 257 ; free virtual = 14854
Synthesis current peak Physical Memory [PSS] (MB): peak = 2485.683; parent = 2372.104; children = 117.331
Synthesis current peak Virtual Memory [VSS] (MB): peak = 4614.461; parent = 3585.863; children = 1028.598
---------------------------------------------------------------------------------
---------------------------------------------------------------------------------
Start IO Insertion
---------------------------------------------------------------------------------
---------------------------------------------------------------------------------
Start Flattening Before IO Insertion
---------------------------------------------------------------------------------
---------------------------------------------------------------------------------
Finished Flattening Before IO Insertion
---------------------------------------------------------------------------------
---------------------------------------------------------------------------------
Start Final Netlist Cleanup
---------------------------------------------------------------------------------
---------------------------------------------------------------------------------
Finished Final Netlist Cleanup
---------------------------------------------------------------------------------
---------------------------------------------------------------------------------
Finished IO Insertion : Time (s): cpu = 00:00:26 ; elapsed = 00:00:47 . Memory (MB): peak = 3585.859 ; gain = 931.332 ; free physical = 185 ; free virtual = 14697
Synthesis current peak Physical Memory [PSS] (MB): peak = 2485.683; parent = 2372.104; children = 117.331
Synthesis current peak Virtual Memory [VSS] (MB): peak = 4614.461; parent = 3585.863; children = 1028.598
---------------------------------------------------------------------------------
---------------------------------------------------------------------------------
Start Renaming Generated Instances
---------------------------------------------------------------------------------
---------------------------------------------------------------------------------
Finished Renaming Generated Instances : Time (s): cpu = 00:00:26 ; elapsed = 00:00:48 . Memory (MB): peak = 3585.859 ; gain = 931.332 ; free physical = 181 ; free virtual = 14703
Synthesis current peak Physical Memory [PSS] (MB): peak = 2485.683; parent = 2372.104; children = 117.331
Synthesis current peak Virtual Memory [VSS] (MB): peak = 4614.461; parent = 3585.863; children = 1028.598
---------------------------------------------------------------------------------
---------------------------------------------------------------------------------
Start Rebuilding User Hierarchy
---------------------------------------------------------------------------------
---------------------------------------------------------------------------------
Finished Rebuilding User Hierarchy : Time (s): cpu = 00:00:26 ; elapsed = 00:00:48 . Memory (MB): peak = 3585.859 ; gain = 931.332 ; free physical = 174 ; free virtual = 14701
Synthesis current peak Physical Memory [PSS] (MB): peak = 2485.683; parent = 2372.104; children = 117.331
Synthesis current peak Virtual Memory [VSS] (MB): peak = 4614.461; parent = 3585.863; children = 1028.598
---------------------------------------------------------------------------------
---------------------------------------------------------------------------------
Start Renaming Generated Ports
---------------------------------------------------------------------------------
---------------------------------------------------------------------------------
Finished Renaming Generated Ports : Time (s): cpu = 00:00:26 ; elapsed = 00:00:48 . Memory (MB): peak = 3585.859 ; gain = 931.332 ; free physical = 171 ; free virtual = 14693
Synthesis current peak Physical Memory [PSS] (MB): peak = 2485.683; parent = 2372.104; children = 117.331
Synthesis current peak Virtual Memory [VSS] (MB): peak = 4614.461; parent = 3585.863; children = 1028.598
---------------------------------------------------------------------------------
---------------------------------------------------------------------------------
Start Handling Custom Attributes
---------------------------------------------------------------------------------
---------------------------------------------------------------------------------
Finished Handling Custom Attributes : Time (s): cpu = 00:00:26 ; elapsed = 00:00:48 . Memory (MB): peak = 3585.859 ; gain = 931.332 ; free physical = 179 ; free virtual = 14686
Synthesis current peak Physical Memory [PSS] (MB): peak = 2485.683; parent = 2372.104; children = 117.331
Synthesis current peak Virtual Memory [VSS] (MB): peak = 4614.461; parent = 3585.863; children = 1028.598
---------------------------------------------------------------------------------
---------------------------------------------------------------------------------
Start Renaming Generated Nets
---------------------------------------------------------------------------------
---------------------------------------------------------------------------------
Finished Renaming Generated Nets : Time (s): cpu = 00:00:26 ; elapsed = 00:00:48 . Memory (MB): peak = 3585.859 ; gain = 931.332 ; free physical = 191 ; free virtual = 14699
Synthesis current peak Physical Memory [PSS] (MB): peak = 2485.683; parent = 2372.104; children = 117.331
Synthesis current peak Virtual Memory [VSS] (MB): peak = 4614.461; parent = 3585.863; children = 1028.598
---------------------------------------------------------------------------------
---------------------------------------------------------------------------------
Start ROM, RAM, DSP, Shift Register and Retiming Reporting
---------------------------------------------------------------------------------

Dynamic Shift Register Report:
+------------+----------------+--------+------------+--------+---------+--------+--------+--------+
|Module Name | RTL Name       | Length | Data Width | SRL16E | SRLC32E | Mux F7 | Mux F8 | Mux F9 | 
+------------+----------------+--------+------------+--------+---------+--------+--------+--------+
|dsrl        | memory_reg[3]  | 9      | 9          | 9      | 0       | 0      | 0      | 0      | 
|dsrl__1     | memory_reg[3]  | 2      | 2          | 2      | 0       | 0      | 0      | 0      | 
|dsrl__2     | memory_reg[31] | 34     | 34         | 0      | 34      | 0      | 0      | 0      | 
|dsrl__3     | memory_reg[31] | 2      | 2          | 0      | 2       | 0      | 0      | 0      | 
+------------+----------------+--------+------------+--------+---------+--------+--------+--------+

---------------------------------------------------------------------------------
Finished ROM, RAM, DSP, Shift Register and Retiming Reporting
---------------------------------------------------------------------------------
---------------------------------------------------------------------------------
Start Writing Synthesis Report
---------------------------------------------------------------------------------

Report BlackBoxes: 
+-+--------------+----------+
| |BlackBox name |Instances |
+-+--------------+----------+
+-+--------------+----------+

Report Cell Usage: 
+------+--------+------+
|      |Cell    |Count |
+------+--------+------+
|1     |LUT1    |     8|
|2     |LUT2    |    34|
|3     |LUT3    |   173|
|4     |LUT4    |    49|
|5     |LUT5    |    66|
|6     |LUT6    |   167|
|7     |MUXF7   |     2|
|8     |SRL16E  |    10|
|9     |SRLC32E |    35|
|10    |FDRE    |   465|
|11    |FDSE    |    16|
+------+--------+------+
---------------------------------------------------------------------------------
Finished Writing Synthesis Report : Time (s): cpu = 00:00:26 ; elapsed = 00:00:48 . Memory (MB): peak = 3585.859 ; gain = 931.332 ; free physical = 176 ; free virtual = 14696
Synthesis current peak Physical Memory [PSS] (MB): peak = 2485.683; parent = 2372.104; children = 117.331
Synthesis current peak Virtual Memory [VSS] (MB): peak = 4614.461; parent = 3585.863; children = 1028.598
---------------------------------------------------------------------------------
Synthesis finished with 0 errors, 0 critical warnings and 37 warnings.
Synthesis Optimization Runtime : Time (s): cpu = 00:00:22 ; elapsed = 00:00:44 . Memory (MB): peak = 3585.859 ; gain = 798.582 ; free physical = 208 ; free virtual = 14742
Synthesis Optimization Complete : Time (s): cpu = 00:00:26 ; elapsed = 00:00:48 . Memory (MB): peak = 3585.867 ; gain = 931.332 ; free physical = 182 ; free virtual = 14732
INFO: [Project 1-571] Translating synthesized netlist
Netlist sorting complete. Time (s): cpu = 00:00:00.01 ; elapsed = 00:00:00.01 . Memory (MB): peak = 3593.859 ; gain = 0.000 ; free physical = 162 ; free virtual = 14703
INFO: [Netlist 29-17] Analyzing 2 Unisim elements for replacement
INFO: [Netlist 29-28] Unisim Transformation completed in 0 CPU seconds
INFO: [Project 1-570] Preparing netlist for logic optimization
INFO: [Opt 31-138] Pushed 0 inverter(s) to 0 load pin(s).
Netlist sorting complete. Time (s): cpu = 00:00:00 ; elapsed = 00:00:00 . Memory (MB): peak = 3627.777 ; gain = 0.000 ; free physical = 218 ; free virtual = 14641
INFO: [Project 1-111] Unisim Transformation Summary:
No Unisim elements were transformed.

Synth Design complete, checksum: e8773c29
INFO: [Common 17-83] Releasing license: Synthesis
88 Infos, 107 Warnings, 0 Critical Warnings and 0 Errors encountered.
synth_design completed successfully
synth_design: Time (s): cpu = 00:00:30 ; elapsed = 00:00:55 . Memory (MB): peak = 3627.777 ; gain = 1801.258 ; free physical = 665 ; free virtual = 15078
INFO: [Common 17-1381] The checkpoint '/home/caccolillo/Documents/cat_doorbell/Cat_Doorbell/vivado/ultra96_basic_system/ultra96_basic_system.runs/bd_auto_pc_1_synth_1/bd_auto_pc_1.dcp' has been generated.
INFO: [Coretcl 2-1648] Added synthesis output to IP cache for IP bd_auto_pc_1, cache-ID = c8bbb97af0fedf04
INFO: [Coretcl 2-1174] Renamed 23 cell refs.
INFO: [Common 17-1381] The checkpoint '/home/caccolillo/Documents/cat_doorbell/Cat_Doorbell/vivado/ultra96_basic_system/ultra96_basic_system.runs/bd_auto_pc_1_synth_1/bd_auto_pc_1.dcp' has been generated.
INFO: [runtcl-4] Executing : report_utilization -file bd_auto_pc_1_utilization_synth.rpt -pb bd_auto_pc_1_utilization_synth.pb
INFO: [Common 17-206] Exiting Vivado at Sat Jul 22 07:46:52 2023...
