
*** Running vivado
    with args -log bd_xbar_0.vds -m64 -product Vivado -mode batch -messageDb vivado.pb -notrace -source bd_xbar_0.tcl


****** Vivado v2022.2 (64-bit)
  **** SW Build 3671981 on Fri Oct 14 04:59:54 MDT 2022
  **** IP Build 3669848 on Fri Oct 14 08:30:02 MDT 2022
    ** Copyright 1986-2022 Xilinx, Inc. All Rights Reserved.

source bd_xbar_0.tcl -notrace
create_project: Time (s): cpu = 00:00:05 ; elapsed = 00:00:05 . Memory (MB): peak = 1758.094 ; gain = 34.023 ; free physical = 270 ; free virtual = 20318
INFO: [IP_Flow 19-6924] IPCACHE: Running cache check for IP inst: bd_xbar_0
Command: synth_design -top bd_xbar_0 -part xczu3eg-sbva484-1-i -incremental_mode off -mode out_of_context
Starting synth_design
Attempting to get a license for feature 'Synthesis' and/or device 'xczu3eg'
INFO: [Common 17-349] Got license for feature 'Synthesis' and/or device 'xczu3eg'
INFO: [Device 21-403] Loading part xczu3eg-sbva484-1-i
INFO: [Synth 8-7079] Multithreading enabled for synth_design using a maximum of 4 processes.
INFO: [Synth 8-7078] Launching helper process for spawning children vivado processes
INFO: [Synth 8-7075] Helper process launched with PID 2402847
INFO: [Synth 8-11241] undeclared symbol 'REGCCE', assumed default net type 'wire' [/home/caccolillo/Xilinx/Vivado/2022.2/data/verilog/src/unimacro/BRAM_SINGLE_MACRO.v:2170]
---------------------------------------------------------------------------------
Starting RTL Elaboration : Time (s): cpu = 00:00:04 ; elapsed = 00:00:09 . Memory (MB): peak = 2900.527 ; gain = 239.832 ; free physical = 323 ; free virtual = 16187
Synthesis current peak Physical Memory [PSS] (MB): peak = 2024.500; parent = 1944.453; children = 80.047
Synthesis current peak Virtual Memory [VSS] (MB): peak = 3806.102; parent = 2908.469; children = 897.633
---------------------------------------------------------------------------------
INFO: [Synth 8-6157] synthesizing module 'bd_xbar_0' [/home/caccolillo/Documents/cat_doorbell/Cat_Doorbell/vivado/ultra96_basic_system/ultra96_basic_system.gen/sources_1/bd/bd/ip/bd_xbar_0/synth/bd_xbar_0.v:53]
INFO: [Synth 8-6157] synthesizing module 'axi_crossbar_v2_1_28_axi_crossbar' [/home/caccolillo/Documents/cat_doorbell/Cat_Doorbell/vivado/ultra96_basic_system/ultra96_basic_system.gen/sources_1/bd/bd/ipshared/c40e/hdl/axi_crossbar_v2_1_vl_rfs.v:4883]
INFO: [Synth 8-6157] synthesizing module 'axi_crossbar_v2_1_28_crossbar' [/home/caccolillo/Documents/cat_doorbell/Cat_Doorbell/vivado/ultra96_basic_system/ultra96_basic_system.gen/sources_1/bd/bd/ipshared/c40e/hdl/axi_crossbar_v2_1_vl_rfs.v:2238]
INFO: [Synth 8-6157] synthesizing module 'axi_crossbar_v2_1_28_si_transactor' [/home/caccolillo/Documents/cat_doorbell/Cat_Doorbell/vivado/ultra96_basic_system/ultra96_basic_system.gen/sources_1/bd/bd/ipshared/c40e/hdl/axi_crossbar_v2_1_vl_rfs.v:3799]
INFO: [Synth 8-6157] synthesizing module 'axi_crossbar_v2_1_28_addr_decoder' [/home/caccolillo/Documents/cat_doorbell/Cat_Doorbell/vivado/ultra96_basic_system/ultra96_basic_system.gen/sources_1/bd/bd/ipshared/c40e/hdl/axi_crossbar_v2_1_vl_rfs.v:793]
INFO: [Synth 8-6157] synthesizing module 'generic_baseblocks_v2_1_0_comparator_static' [/home/caccolillo/Documents/cat_doorbell/Cat_Doorbell/vivado/ultra96_basic_system/ultra96_basic_system.gen/sources_1/bd/bd/ipshared/b752/hdl/generic_baseblocks_v2_1_vl_rfs.v:2132]
INFO: [Synth 8-6157] synthesizing module 'generic_baseblocks_v2_1_0_carry_and' [/home/caccolillo/Documents/cat_doorbell/Cat_Doorbell/vivado/ultra96_basic_system/ultra96_basic_system.gen/sources_1/bd/bd/ipshared/b752/hdl/generic_baseblocks_v2_1_vl_rfs.v:61]
INFO: [Synth 8-6155] done synthesizing module 'generic_baseblocks_v2_1_0_carry_and' (0#1) [/home/caccolillo/Documents/cat_doorbell/Cat_Doorbell/vivado/ultra96_basic_system/ultra96_basic_system.gen/sources_1/bd/bd/ipshared/b752/hdl/generic_baseblocks_v2_1_vl_rfs.v:61]
INFO: [Synth 8-6155] done synthesizing module 'generic_baseblocks_v2_1_0_comparator_static' (0#1) [/home/caccolillo/Documents/cat_doorbell/Cat_Doorbell/vivado/ultra96_basic_system/ultra96_basic_system.gen/sources_1/bd/bd/ipshared/b752/hdl/generic_baseblocks_v2_1_vl_rfs.v:2132]
INFO: [Synth 8-6157] synthesizing module 'generic_baseblocks_v2_1_0_comparator_static__parameterized0' [/home/caccolillo/Documents/cat_doorbell/Cat_Doorbell/vivado/ultra96_basic_system/ultra96_basic_system.gen/sources_1/bd/bd/ipshared/b752/hdl/generic_baseblocks_v2_1_vl_rfs.v:2132]
INFO: [Synth 8-6155] done synthesizing module 'generic_baseblocks_v2_1_0_comparator_static__parameterized0' (0#1) [/home/caccolillo/Documents/cat_doorbell/Cat_Doorbell/vivado/ultra96_basic_system/ultra96_basic_system.gen/sources_1/bd/bd/ipshared/b752/hdl/generic_baseblocks_v2_1_vl_rfs.v:2132]
INFO: [Synth 8-6157] synthesizing module 'generic_baseblocks_v2_1_0_comparator_static__parameterized1' [/home/caccolillo/Documents/cat_doorbell/Cat_Doorbell/vivado/ultra96_basic_system/ultra96_basic_system.gen/sources_1/bd/bd/ipshared/b752/hdl/generic_baseblocks_v2_1_vl_rfs.v:2132]
INFO: [Synth 8-6155] done synthesizing module 'generic_baseblocks_v2_1_0_comparator_static__parameterized1' (0#1) [/home/caccolillo/Documents/cat_doorbell/Cat_Doorbell/vivado/ultra96_basic_system/ultra96_basic_system.gen/sources_1/bd/bd/ipshared/b752/hdl/generic_baseblocks_v2_1_vl_rfs.v:2132]
INFO: [Synth 8-6155] done synthesizing module 'axi_crossbar_v2_1_28_addr_decoder' (0#1) [/home/caccolillo/Documents/cat_doorbell/Cat_Doorbell/vivado/ultra96_basic_system/ultra96_basic_system.gen/sources_1/bd/bd/ipshared/c40e/hdl/axi_crossbar_v2_1_vl_rfs.v:793]
INFO: [Synth 8-6157] synthesizing module 'axi_data_fifo_v2_1_26_axic_srl_fifo' [/home/caccolillo/Documents/cat_doorbell/Cat_Doorbell/vivado/ultra96_basic_system/ultra96_basic_system.gen/sources_1/bd/bd/ipshared/3111/hdl/axi_data_fifo_v2_1_vl_rfs.v:697]
INFO: [Synth 8-6157] synthesizing module 'axi_data_fifo_v2_1_26_ndeep_srl' [/home/caccolillo/Documents/cat_doorbell/Cat_Doorbell/vivado/ultra96_basic_system/ultra96_basic_system.gen/sources_1/bd/bd/ipshared/3111/hdl/axi_data_fifo_v2_1_vl_rfs.v:1134]
INFO: [Synth 8-6155] done synthesizing module 'axi_data_fifo_v2_1_26_ndeep_srl' (0#1) [/home/caccolillo/Documents/cat_doorbell/Cat_Doorbell/vivado/ultra96_basic_system/ultra96_basic_system.gen/sources_1/bd/bd/ipshared/3111/hdl/axi_data_fifo_v2_1_vl_rfs.v:1134]
INFO: [Synth 8-6155] done synthesizing module 'axi_data_fifo_v2_1_26_axic_srl_fifo' (0#1) [/home/caccolillo/Documents/cat_doorbell/Cat_Doorbell/vivado/ultra96_basic_system/ultra96_basic_system.gen/sources_1/bd/bd/ipshared/3111/hdl/axi_data_fifo_v2_1_vl_rfs.v:697]
INFO: [Synth 8-6157] synthesizing module 'axi_crossbar_v2_1_28_arbiter_resp' [/home/caccolillo/Documents/cat_doorbell/Cat_Doorbell/vivado/ultra96_basic_system/ultra96_basic_system.gen/sources_1/bd/bd/ipshared/c40e/hdl/axi_crossbar_v2_1_vl_rfs.v:1024]
INFO: [Synth 8-6155] done synthesizing module 'axi_crossbar_v2_1_28_arbiter_resp' (0#1) [/home/caccolillo/Documents/cat_doorbell/Cat_Doorbell/vivado/ultra96_basic_system/ultra96_basic_system.gen/sources_1/bd/bd/ipshared/c40e/hdl/axi_crossbar_v2_1_vl_rfs.v:1024]
INFO: [Synth 8-6157] synthesizing module 'generic_baseblocks_v2_1_0_mux_enc' [/home/caccolillo/Documents/cat_doorbell/Cat_Doorbell/vivado/ultra96_basic_system/ultra96_basic_system.gen/sources_1/bd/bd/ipshared/b752/hdl/generic_baseblocks_v2_1_vl_rfs.v:2451]
INFO: [Synth 8-6155] done synthesizing module 'generic_baseblocks_v2_1_0_mux_enc' (0#1) [/home/caccolillo/Documents/cat_doorbell/Cat_Doorbell/vivado/ultra96_basic_system/ultra96_basic_system.gen/sources_1/bd/bd/ipshared/b752/hdl/generic_baseblocks_v2_1_vl_rfs.v:2451]
INFO: [Synth 8-6155] done synthesizing module 'axi_crossbar_v2_1_28_si_transactor' (0#1) [/home/caccolillo/Documents/cat_doorbell/Cat_Doorbell/vivado/ultra96_basic_system/ultra96_basic_system.gen/sources_1/bd/bd/ipshared/c40e/hdl/axi_crossbar_v2_1_vl_rfs.v:3799]
INFO: [Synth 8-6157] synthesizing module 'axi_crossbar_v2_1_28_si_transactor__parameterized0' [/home/caccolillo/Documents/cat_doorbell/Cat_Doorbell/vivado/ultra96_basic_system/ultra96_basic_system.gen/sources_1/bd/bd/ipshared/c40e/hdl/axi_crossbar_v2_1_vl_rfs.v:3799]
INFO: [Synth 8-6157] synthesizing module 'generic_baseblocks_v2_1_0_mux_enc__parameterized0' [/home/caccolillo/Documents/cat_doorbell/Cat_Doorbell/vivado/ultra96_basic_system/ultra96_basic_system.gen/sources_1/bd/bd/ipshared/b752/hdl/generic_baseblocks_v2_1_vl_rfs.v:2451]
INFO: [Synth 8-6155] done synthesizing module 'generic_baseblocks_v2_1_0_mux_enc__parameterized0' (0#1) [/home/caccolillo/Documents/cat_doorbell/Cat_Doorbell/vivado/ultra96_basic_system/ultra96_basic_system.gen/sources_1/bd/bd/ipshared/b752/hdl/generic_baseblocks_v2_1_vl_rfs.v:2451]
INFO: [Synth 8-6155] done synthesizing module 'axi_crossbar_v2_1_28_si_transactor__parameterized0' (0#1) [/home/caccolillo/Documents/cat_doorbell/Cat_Doorbell/vivado/ultra96_basic_system/ultra96_basic_system.gen/sources_1/bd/bd/ipshared/c40e/hdl/axi_crossbar_v2_1_vl_rfs.v:3799]
INFO: [Synth 8-6157] synthesizing module 'axi_crossbar_v2_1_28_splitter' [/home/caccolillo/Documents/cat_doorbell/Cat_Doorbell/vivado/ultra96_basic_system/ultra96_basic_system.gen/sources_1/bd/bd/ipshared/c40e/hdl/axi_crossbar_v2_1_vl_rfs.v:4460]
INFO: [Synth 8-6155] done synthesizing module 'axi_crossbar_v2_1_28_splitter' (0#1) [/home/caccolillo/Documents/cat_doorbell/Cat_Doorbell/vivado/ultra96_basic_system/ultra96_basic_system.gen/sources_1/bd/bd/ipshared/c40e/hdl/axi_crossbar_v2_1_vl_rfs.v:4460]
INFO: [Synth 8-6157] synthesizing module 'axi_crossbar_v2_1_28_wdata_router' [/home/caccolillo/Documents/cat_doorbell/Cat_Doorbell/vivado/ultra96_basic_system/ultra96_basic_system.gen/sources_1/bd/bd/ipshared/c40e/hdl/axi_crossbar_v2_1_vl_rfs.v:4735]
INFO: [Synth 8-6157] synthesizing module 'axi_data_fifo_v2_1_26_axic_reg_srl_fifo' [/home/caccolillo/Documents/cat_doorbell/Cat_Doorbell/vivado/ultra96_basic_system/ultra96_basic_system.gen/sources_1/bd/bd/ipshared/3111/hdl/axi_data_fifo_v2_1_vl_rfs.v:888]
INFO: [Synth 8-6157] synthesizing module 'axi_data_fifo_v2_1_26_ndeep_srl__parameterized0' [/home/caccolillo/Documents/cat_doorbell/Cat_Doorbell/vivado/ultra96_basic_system/ultra96_basic_system.gen/sources_1/bd/bd/ipshared/3111/hdl/axi_data_fifo_v2_1_vl_rfs.v:1134]
INFO: [Synth 8-6155] done synthesizing module 'axi_data_fifo_v2_1_26_ndeep_srl__parameterized0' (0#1) [/home/caccolillo/Documents/cat_doorbell/Cat_Doorbell/vivado/ultra96_basic_system/ultra96_basic_system.gen/sources_1/bd/bd/ipshared/3111/hdl/axi_data_fifo_v2_1_vl_rfs.v:1134]
INFO: [Synth 8-155] case statement is not full and has no default [/home/caccolillo/Documents/cat_doorbell/Cat_Doorbell/vivado/ultra96_basic_system/ultra96_basic_system.gen/sources_1/bd/bd/ipshared/3111/hdl/axi_data_fifo_v2_1_vl_rfs.v:986]
INFO: [Synth 8-6155] done synthesizing module 'axi_data_fifo_v2_1_26_axic_reg_srl_fifo' (0#1) [/home/caccolillo/Documents/cat_doorbell/Cat_Doorbell/vivado/ultra96_basic_system/ultra96_basic_system.gen/sources_1/bd/bd/ipshared/3111/hdl/axi_data_fifo_v2_1_vl_rfs.v:888]
INFO: [Synth 8-6155] done synthesizing module 'axi_crossbar_v2_1_28_wdata_router' (0#1) [/home/caccolillo/Documents/cat_doorbell/Cat_Doorbell/vivado/ultra96_basic_system/ultra96_basic_system.gen/sources_1/bd/bd/ipshared/c40e/hdl/axi_crossbar_v2_1_vl_rfs.v:4735]
INFO: [Synth 8-6157] synthesizing module 'axi_crossbar_v2_1_28_si_transactor__parameterized1' [/home/caccolillo/Documents/cat_doorbell/Cat_Doorbell/vivado/ultra96_basic_system/ultra96_basic_system.gen/sources_1/bd/bd/ipshared/c40e/hdl/axi_crossbar_v2_1_vl_rfs.v:3799]
INFO: [Synth 8-6155] done synthesizing module 'axi_crossbar_v2_1_28_si_transactor__parameterized1' (0#1) [/home/caccolillo/Documents/cat_doorbell/Cat_Doorbell/vivado/ultra96_basic_system/ultra96_basic_system.gen/sources_1/bd/bd/ipshared/c40e/hdl/axi_crossbar_v2_1_vl_rfs.v:3799]
INFO: [Synth 8-6157] synthesizing module 'axi_crossbar_v2_1_28_si_transactor__parameterized2' [/home/caccolillo/Documents/cat_doorbell/Cat_Doorbell/vivado/ultra96_basic_system/ultra96_basic_system.gen/sources_1/bd/bd/ipshared/c40e/hdl/axi_crossbar_v2_1_vl_rfs.v:3799]
INFO: [Synth 8-6155] done synthesizing module 'axi_crossbar_v2_1_28_si_transactor__parameterized2' (0#1) [/home/caccolillo/Documents/cat_doorbell/Cat_Doorbell/vivado/ultra96_basic_system/ultra96_basic_system.gen/sources_1/bd/bd/ipshared/c40e/hdl/axi_crossbar_v2_1_vl_rfs.v:3799]
INFO: [Synth 8-6157] synthesizing module 'axi_crossbar_v2_1_28_addr_decoder__parameterized0' [/home/caccolillo/Documents/cat_doorbell/Cat_Doorbell/vivado/ultra96_basic_system/ultra96_basic_system.gen/sources_1/bd/bd/ipshared/c40e/hdl/axi_crossbar_v2_1_vl_rfs.v:793]
INFO: [Synth 8-6157] synthesizing module 'generic_baseblocks_v2_1_0_comparator_static__parameterized2' [/home/caccolillo/Documents/cat_doorbell/Cat_Doorbell/vivado/ultra96_basic_system/ultra96_basic_system.gen/sources_1/bd/bd/ipshared/b752/hdl/generic_baseblocks_v2_1_vl_rfs.v:2132]
INFO: [Synth 8-6155] done synthesizing module 'generic_baseblocks_v2_1_0_comparator_static__parameterized2' (0#1) [/home/caccolillo/Documents/cat_doorbell/Cat_Doorbell/vivado/ultra96_basic_system/ultra96_basic_system.gen/sources_1/bd/bd/ipshared/b752/hdl/generic_baseblocks_v2_1_vl_rfs.v:2132]
INFO: [Synth 8-6157] synthesizing module 'generic_baseblocks_v2_1_0_comparator_static__parameterized3' [/home/caccolillo/Documents/cat_doorbell/Cat_Doorbell/vivado/ultra96_basic_system/ultra96_basic_system.gen/sources_1/bd/bd/ipshared/b752/hdl/generic_baseblocks_v2_1_vl_rfs.v:2132]
INFO: [Synth 8-6155] done synthesizing module 'generic_baseblocks_v2_1_0_comparator_static__parameterized3' (0#1) [/home/caccolillo/Documents/cat_doorbell/Cat_Doorbell/vivado/ultra96_basic_system/ultra96_basic_system.gen/sources_1/bd/bd/ipshared/b752/hdl/generic_baseblocks_v2_1_vl_rfs.v:2132]
INFO: [Synth 8-6155] done synthesizing module 'axi_crossbar_v2_1_28_addr_decoder__parameterized0' (0#1) [/home/caccolillo/Documents/cat_doorbell/Cat_Doorbell/vivado/ultra96_basic_system/ultra96_basic_system.gen/sources_1/bd/bd/ipshared/c40e/hdl/axi_crossbar_v2_1_vl_rfs.v:793]
INFO: [Synth 8-6157] synthesizing module 'axi_data_fifo_v2_1_26_axic_srl_fifo__parameterized0' [/home/caccolillo/Documents/cat_doorbell/Cat_Doorbell/vivado/ultra96_basic_system/ultra96_basic_system.gen/sources_1/bd/bd/ipshared/3111/hdl/axi_data_fifo_v2_1_vl_rfs.v:697]
INFO: [Synth 8-6155] done synthesizing module 'axi_data_fifo_v2_1_26_axic_srl_fifo__parameterized0' (0#1) [/home/caccolillo/Documents/cat_doorbell/Cat_Doorbell/vivado/ultra96_basic_system/ultra96_basic_system.gen/sources_1/bd/bd/ipshared/3111/hdl/axi_data_fifo_v2_1_vl_rfs.v:697]
INFO: [Synth 8-6157] synthesizing module 'axi_crossbar_v2_1_28_wdata_mux' [/home/caccolillo/Documents/cat_doorbell/Cat_Doorbell/vivado/ultra96_basic_system/ultra96_basic_system.gen/sources_1/bd/bd/ipshared/c40e/hdl/axi_crossbar_v2_1_vl_rfs.v:4560]
INFO: [Synth 8-6157] synthesizing module 'axi_data_fifo_v2_1_26_axic_reg_srl_fifo__parameterized0' [/home/caccolillo/Documents/cat_doorbell/Cat_Doorbell/vivado/ultra96_basic_system/ultra96_basic_system.gen/sources_1/bd/bd/ipshared/3111/hdl/axi_data_fifo_v2_1_vl_rfs.v:888]
INFO: [Synth 8-155] case statement is not full and has no default [/home/caccolillo/Documents/cat_doorbell/Cat_Doorbell/vivado/ultra96_basic_system/ultra96_basic_system.gen/sources_1/bd/bd/ipshared/3111/hdl/axi_data_fifo_v2_1_vl_rfs.v:986]
INFO: [Synth 8-6155] done synthesizing module 'axi_data_fifo_v2_1_26_axic_reg_srl_fifo__parameterized0' (0#1) [/home/caccolillo/Documents/cat_doorbell/Cat_Doorbell/vivado/ultra96_basic_system/ultra96_basic_system.gen/sources_1/bd/bd/ipshared/3111/hdl/axi_data_fifo_v2_1_vl_rfs.v:888]
INFO: [Synth 8-6157] synthesizing module 'generic_baseblocks_v2_1_0_mux_enc__parameterized1' [/home/caccolillo/Documents/cat_doorbell/Cat_Doorbell/vivado/ultra96_basic_system/ultra96_basic_system.gen/sources_1/bd/bd/ipshared/b752/hdl/generic_baseblocks_v2_1_vl_rfs.v:2451]
INFO: [Synth 8-6155] done synthesizing module 'generic_baseblocks_v2_1_0_mux_enc__parameterized1' (0#1) [/home/caccolillo/Documents/cat_doorbell/Cat_Doorbell/vivado/ultra96_basic_system/ultra96_basic_system.gen/sources_1/bd/bd/ipshared/b752/hdl/generic_baseblocks_v2_1_vl_rfs.v:2451]
INFO: [Synth 8-6155] done synthesizing module 'axi_crossbar_v2_1_28_wdata_mux' (0#1) [/home/caccolillo/Documents/cat_doorbell/Cat_Doorbell/vivado/ultra96_basic_system/ultra96_basic_system.gen/sources_1/bd/bd/ipshared/c40e/hdl/axi_crossbar_v2_1_vl_rfs.v:4560]
INFO: [Synth 8-6157] synthesizing module 'axi_register_slice_v2_1_27_axi_register_slice' [/home/caccolillo/Documents/cat_doorbell/Cat_Doorbell/vivado/ultra96_basic_system/ultra96_basic_system.gen/sources_1/bd/bd/ipshared/f0b4/hdl/axi_register_slice_v2_1_vl_rfs.v:3725]
INFO: [Synth 8-6157] synthesizing module 'axi_infrastructure_v1_1_0_axi2vector' [/home/caccolillo/Documents/cat_doorbell/Cat_Doorbell/vivado/ultra96_basic_system/ultra96_basic_system.gen/sources_1/bd/bd/ipshared/ec67/hdl/axi_infrastructure_v1_1_vl_rfs.v:59]
INFO: [Synth 8-6155] done synthesizing module 'axi_infrastructure_v1_1_0_axi2vector' (0#1) [/home/caccolillo/Documents/cat_doorbell/Cat_Doorbell/vivado/ultra96_basic_system/ultra96_basic_system.gen/sources_1/bd/bd/ipshared/ec67/hdl/axi_infrastructure_v1_1_vl_rfs.v:59]
INFO: [Synth 8-6157] synthesizing module 'axi_infrastructure_v1_1_0_vector2axi' [/home/caccolillo/Documents/cat_doorbell/Cat_Doorbell/vivado/ultra96_basic_system/ultra96_basic_system.gen/sources_1/bd/bd/ipshared/ec67/hdl/axi_infrastructure_v1_1_vl_rfs.v:473]
INFO: [Synth 8-6155] done synthesizing module 'axi_infrastructure_v1_1_0_vector2axi' (0#1) [/home/caccolillo/Documents/cat_doorbell/Cat_Doorbell/vivado/ultra96_basic_system/ultra96_basic_system.gen/sources_1/bd/bd/ipshared/ec67/hdl/axi_infrastructure_v1_1_vl_rfs.v:473]
INFO: [Synth 8-6157] synthesizing module 'axi_register_slice_v2_1_27_axic_register_slice' [/home/caccolillo/Documents/cat_doorbell/Cat_Doorbell/vivado/ultra96_basic_system/ultra96_basic_system.gen/sources_1/bd/bd/ipshared/f0b4/hdl/axi_register_slice_v2_1_vl_rfs.v:1497]
INFO: [Synth 8-6155] done synthesizing module 'axi_register_slice_v2_1_27_axic_register_slice' (0#1) [/home/caccolillo/Documents/cat_doorbell/Cat_Doorbell/vivado/ultra96_basic_system/ultra96_basic_system.gen/sources_1/bd/bd/ipshared/f0b4/hdl/axi_register_slice_v2_1_vl_rfs.v:1497]
INFO: [Synth 8-6157] synthesizing module 'axi_register_slice_v2_1_27_axic_register_slice__parameterized0' [/home/caccolillo/Documents/cat_doorbell/Cat_Doorbell/vivado/ultra96_basic_system/ultra96_basic_system.gen/sources_1/bd/bd/ipshared/f0b4/hdl/axi_register_slice_v2_1_vl_rfs.v:1497]
INFO: [Synth 8-6155] done synthesizing module 'axi_register_slice_v2_1_27_axic_register_slice__parameterized0' (0#1) [/home/caccolillo/Documents/cat_doorbell/Cat_Doorbell/vivado/ultra96_basic_system/ultra96_basic_system.gen/sources_1/bd/bd/ipshared/f0b4/hdl/axi_register_slice_v2_1_vl_rfs.v:1497]
INFO: [Synth 8-6157] synthesizing module 'axi_register_slice_v2_1_27_axic_register_slice__parameterized1' [/home/caccolillo/Documents/cat_doorbell/Cat_Doorbell/vivado/ultra96_basic_system/ultra96_basic_system.gen/sources_1/bd/bd/ipshared/f0b4/hdl/axi_register_slice_v2_1_vl_rfs.v:1497]
INFO: [Synth 8-6155] done synthesizing module 'axi_register_slice_v2_1_27_axic_register_slice__parameterized1' (0#1) [/home/caccolillo/Documents/cat_doorbell/Cat_Doorbell/vivado/ultra96_basic_system/ultra96_basic_system.gen/sources_1/bd/bd/ipshared/f0b4/hdl/axi_register_slice_v2_1_vl_rfs.v:1497]
INFO: [Synth 8-6157] synthesizing module 'axi_register_slice_v2_1_27_axic_register_slice__parameterized2' [/home/caccolillo/Documents/cat_doorbell/Cat_Doorbell/vivado/ultra96_basic_system/ultra96_basic_system.gen/sources_1/bd/bd/ipshared/f0b4/hdl/axi_register_slice_v2_1_vl_rfs.v:1497]
INFO: [Synth 8-6155] done synthesizing module 'axi_register_slice_v2_1_27_axic_register_slice__parameterized2' (0#1) [/home/caccolillo/Documents/cat_doorbell/Cat_Doorbell/vivado/ultra96_basic_system/ultra96_basic_system.gen/sources_1/bd/bd/ipshared/f0b4/hdl/axi_register_slice_v2_1_vl_rfs.v:1497]
INFO: [Synth 8-6155] done synthesizing module 'axi_register_slice_v2_1_27_axi_register_slice' (0#1) [/home/caccolillo/Documents/cat_doorbell/Cat_Doorbell/vivado/ultra96_basic_system/ultra96_basic_system.gen/sources_1/bd/bd/ipshared/f0b4/hdl/axi_register_slice_v2_1_vl_rfs.v:3725]
WARNING: [Synth 8-7071] port 'aclk2x' of module 'axi_register_slice_v2_1_27_axi_register_slice' is unconnected for instance 'reg_slice_mi' [/home/caccolillo/Documents/cat_doorbell/Cat_Doorbell/vivado/ultra96_basic_system/ultra96_basic_system.gen/sources_1/bd/bd/ipshared/c40e/hdl/axi_crossbar_v2_1_vl_rfs.v:3122]
WARNING: [Synth 8-7023] instance 'reg_slice_mi' of module 'axi_register_slice_v2_1_27_axi_register_slice' has 93 connections declared, but only 92 given [/home/caccolillo/Documents/cat_doorbell/Cat_Doorbell/vivado/ultra96_basic_system/ultra96_basic_system.gen/sources_1/bd/bd/ipshared/c40e/hdl/axi_crossbar_v2_1_vl_rfs.v:3122]
WARNING: [Synth 8-7071] port 'aclk2x' of module 'axi_register_slice_v2_1_27_axi_register_slice' is unconnected for instance 'reg_slice_mi' [/home/caccolillo/Documents/cat_doorbell/Cat_Doorbell/vivado/ultra96_basic_system/ultra96_basic_system.gen/sources_1/bd/bd/ipshared/c40e/hdl/axi_crossbar_v2_1_vl_rfs.v:3122]
WARNING: [Synth 8-7023] instance 'reg_slice_mi' of module 'axi_register_slice_v2_1_27_axi_register_slice' has 93 connections declared, but only 92 given [/home/caccolillo/Documents/cat_doorbell/Cat_Doorbell/vivado/ultra96_basic_system/ultra96_basic_system.gen/sources_1/bd/bd/ipshared/c40e/hdl/axi_crossbar_v2_1_vl_rfs.v:3122]
WARNING: [Synth 8-7071] port 'aclk2x' of module 'axi_register_slice_v2_1_27_axi_register_slice' is unconnected for instance 'reg_slice_mi' [/home/caccolillo/Documents/cat_doorbell/Cat_Doorbell/vivado/ultra96_basic_system/ultra96_basic_system.gen/sources_1/bd/bd/ipshared/c40e/hdl/axi_crossbar_v2_1_vl_rfs.v:3122]
WARNING: [Synth 8-7023] instance 'reg_slice_mi' of module 'axi_register_slice_v2_1_27_axi_register_slice' has 93 connections declared, but only 92 given [/home/caccolillo/Documents/cat_doorbell/Cat_Doorbell/vivado/ultra96_basic_system/ultra96_basic_system.gen/sources_1/bd/bd/ipshared/c40e/hdl/axi_crossbar_v2_1_vl_rfs.v:3122]
INFO: [Synth 8-6157] synthesizing module 'axi_data_fifo_v2_1_26_axic_srl_fifo__parameterized1' [/home/caccolillo/Documents/cat_doorbell/Cat_Doorbell/vivado/ultra96_basic_system/ultra96_basic_system.gen/sources_1/bd/bd/ipshared/3111/hdl/axi_data_fifo_v2_1_vl_rfs.v:697]
INFO: [Synth 8-6157] synthesizing module 'axi_data_fifo_v2_1_26_ndeep_srl__parameterized1' [/home/caccolillo/Documents/cat_doorbell/Cat_Doorbell/vivado/ultra96_basic_system/ultra96_basic_system.gen/sources_1/bd/bd/ipshared/3111/hdl/axi_data_fifo_v2_1_vl_rfs.v:1134]
INFO: [Synth 8-6155] done synthesizing module 'axi_data_fifo_v2_1_26_ndeep_srl__parameterized1' (0#1) [/home/caccolillo/Documents/cat_doorbell/Cat_Doorbell/vivado/ultra96_basic_system/ultra96_basic_system.gen/sources_1/bd/bd/ipshared/3111/hdl/axi_data_fifo_v2_1_vl_rfs.v:1134]
INFO: [Synth 8-6155] done synthesizing module 'axi_data_fifo_v2_1_26_axic_srl_fifo__parameterized1' (0#1) [/home/caccolillo/Documents/cat_doorbell/Cat_Doorbell/vivado/ultra96_basic_system/ultra96_basic_system.gen/sources_1/bd/bd/ipshared/3111/hdl/axi_data_fifo_v2_1_vl_rfs.v:697]
INFO: [Synth 8-6157] synthesizing module 'axi_crossbar_v2_1_28_wdata_mux__parameterized0' [/home/caccolillo/Documents/cat_doorbell/Cat_Doorbell/vivado/ultra96_basic_system/ultra96_basic_system.gen/sources_1/bd/bd/ipshared/c40e/hdl/axi_crossbar_v2_1_vl_rfs.v:4560]
INFO: [Synth 8-6157] synthesizing module 'axi_data_fifo_v2_1_26_axic_reg_srl_fifo__parameterized1' [/home/caccolillo/Documents/cat_doorbell/Cat_Doorbell/vivado/ultra96_basic_system/ultra96_basic_system.gen/sources_1/bd/bd/ipshared/3111/hdl/axi_data_fifo_v2_1_vl_rfs.v:888]
INFO: [Synth 8-155] case statement is not full and has no default [/home/caccolillo/Documents/cat_doorbell/Cat_Doorbell/vivado/ultra96_basic_system/ultra96_basic_system.gen/sources_1/bd/bd/ipshared/3111/hdl/axi_data_fifo_v2_1_vl_rfs.v:986]
INFO: [Synth 8-6155] done synthesizing module 'axi_data_fifo_v2_1_26_axic_reg_srl_fifo__parameterized1' (0#1) [/home/caccolillo/Documents/cat_doorbell/Cat_Doorbell/vivado/ultra96_basic_system/ultra96_basic_system.gen/sources_1/bd/bd/ipshared/3111/hdl/axi_data_fifo_v2_1_vl_rfs.v:888]
INFO: [Synth 8-6155] done synthesizing module 'axi_crossbar_v2_1_28_wdata_mux__parameterized0' (0#1) [/home/caccolillo/Documents/cat_doorbell/Cat_Doorbell/vivado/ultra96_basic_system/ultra96_basic_system.gen/sources_1/bd/bd/ipshared/c40e/hdl/axi_crossbar_v2_1_vl_rfs.v:4560]
WARNING: [Synth 8-7071] port 'aclk2x' of module 'axi_register_slice_v2_1_27_axi_register_slice' is unconnected for instance 'reg_slice_mi' [/home/caccolillo/Documents/cat_doorbell/Cat_Doorbell/vivado/ultra96_basic_system/ultra96_basic_system.gen/sources_1/bd/bd/ipshared/c40e/hdl/axi_crossbar_v2_1_vl_rfs.v:3122]
WARNING: [Synth 8-7023] instance 'reg_slice_mi' of module 'axi_register_slice_v2_1_27_axi_register_slice' has 93 connections declared, but only 92 given [/home/caccolillo/Documents/cat_doorbell/Cat_Doorbell/vivado/ultra96_basic_system/ultra96_basic_system.gen/sources_1/bd/bd/ipshared/c40e/hdl/axi_crossbar_v2_1_vl_rfs.v:3122]
INFO: [Synth 8-6157] synthesizing module 'axi_crossbar_v2_1_28_decerr_slave' [/home/caccolillo/Documents/cat_doorbell/Cat_Doorbell/vivado/ultra96_basic_system/ultra96_basic_system.gen/sources_1/bd/bd/ipshared/c40e/hdl/axi_crossbar_v2_1_vl_rfs.v:3500]
INFO: [Synth 8-155] case statement is not full and has no default [/home/caccolillo/Documents/cat_doorbell/Cat_Doorbell/vivado/ultra96_basic_system/ultra96_basic_system.gen/sources_1/bd/bd/ipshared/c40e/hdl/axi_crossbar_v2_1_vl_rfs.v:3633]
INFO: [Synth 8-6155] done synthesizing module 'axi_crossbar_v2_1_28_decerr_slave' (0#1) [/home/caccolillo/Documents/cat_doorbell/Cat_Doorbell/vivado/ultra96_basic_system/ultra96_basic_system.gen/sources_1/bd/bd/ipshared/c40e/hdl/axi_crossbar_v2_1_vl_rfs.v:3500]
INFO: [Synth 8-6157] synthesizing module 'axi_crossbar_v2_1_28_addr_arbiter' [/home/caccolillo/Documents/cat_doorbell/Cat_Doorbell/vivado/ultra96_basic_system/ultra96_basic_system.gen/sources_1/bd/bd/ipshared/c40e/hdl/axi_crossbar_v2_1_vl_rfs.v:422]
INFO: [Synth 8-6157] synthesizing module 'generic_baseblocks_v2_1_0_mux_enc__parameterized2' [/home/caccolillo/Documents/cat_doorbell/Cat_Doorbell/vivado/ultra96_basic_system/ultra96_basic_system.gen/sources_1/bd/bd/ipshared/b752/hdl/generic_baseblocks_v2_1_vl_rfs.v:2451]
INFO: [Synth 8-6155] done synthesizing module 'generic_baseblocks_v2_1_0_mux_enc__parameterized2' (0#1) [/home/caccolillo/Documents/cat_doorbell/Cat_Doorbell/vivado/ultra96_basic_system/ultra96_basic_system.gen/sources_1/bd/bd/ipshared/b752/hdl/generic_baseblocks_v2_1_vl_rfs.v:2451]
INFO: [Synth 8-6157] synthesizing module 'generic_baseblocks_v2_1_0_mux_enc__parameterized3' [/home/caccolillo/Documents/cat_doorbell/Cat_Doorbell/vivado/ultra96_basic_system/ultra96_basic_system.gen/sources_1/bd/bd/ipshared/b752/hdl/generic_baseblocks_v2_1_vl_rfs.v:2451]
INFO: [Synth 8-6155] done synthesizing module 'generic_baseblocks_v2_1_0_mux_enc__parameterized3' (0#1) [/home/caccolillo/Documents/cat_doorbell/Cat_Doorbell/vivado/ultra96_basic_system/ultra96_basic_system.gen/sources_1/bd/bd/ipshared/b752/hdl/generic_baseblocks_v2_1_vl_rfs.v:2451]
INFO: [Synth 8-6155] done synthesizing module 'axi_crossbar_v2_1_28_addr_arbiter' (0#1) [/home/caccolillo/Documents/cat_doorbell/Cat_Doorbell/vivado/ultra96_basic_system/ultra96_basic_system.gen/sources_1/bd/bd/ipshared/c40e/hdl/axi_crossbar_v2_1_vl_rfs.v:422]
INFO: [Synth 8-6155] done synthesizing module 'axi_crossbar_v2_1_28_crossbar' (0#1) [/home/caccolillo/Documents/cat_doorbell/Cat_Doorbell/vivado/ultra96_basic_system/ultra96_basic_system.gen/sources_1/bd/bd/ipshared/c40e/hdl/axi_crossbar_v2_1_vl_rfs.v:2238]
INFO: [Synth 8-6155] done synthesizing module 'axi_crossbar_v2_1_28_axi_crossbar' (0#1) [/home/caccolillo/Documents/cat_doorbell/Cat_Doorbell/vivado/ultra96_basic_system/ultra96_basic_system.gen/sources_1/bd/bd/ipshared/c40e/hdl/axi_crossbar_v2_1_vl_rfs.v:4883]
INFO: [Synth 8-6155] done synthesizing module 'bd_xbar_0' (0#1) [/home/caccolillo/Documents/cat_doorbell/Cat_Doorbell/vivado/ultra96_basic_system/ultra96_basic_system.gen/sources_1/bd/bd/ip/bd_xbar_0/synth/bd_xbar_0.v:53]
WARNING: [Synth 8-6014] Unused sequential element areset_d1_reg was removed.  [/home/caccolillo/Documents/cat_doorbell/Cat_Doorbell/vivado/ultra96_basic_system/ultra96_basic_system.gen/sources_1/bd/bd/ipshared/3111/hdl/axi_data_fifo_v2_1_vl_rfs.v:750]
WARNING: [Synth 8-6014] Unused sequential element S_READY_i_reg was removed.  [/home/caccolillo/Documents/cat_doorbell/Cat_Doorbell/vivado/ultra96_basic_system/ultra96_basic_system.gen/sources_1/bd/bd/ipshared/3111/hdl/axi_data_fifo_v2_1_vl_rfs.v:789]
WARNING: [Synth 8-6014] Unused sequential element gen_multi_thread.gen_thread_loop[0].gen_debug_r_multi_thread.debug_r_beat_cnt_i_reg was removed.  [/home/caccolillo/Documents/cat_doorbell/Cat_Doorbell/vivado/ultra96_basic_system/ultra96_basic_system.gen/sources_1/bd/bd/ipshared/c40e/hdl/axi_crossbar_v2_1_vl_rfs.v:4346]
WARNING: [Synth 8-6014] Unused sequential element gen_multi_thread.gen_thread_loop[1].gen_debug_r_multi_thread.debug_r_beat_cnt_i_reg was removed.  [/home/caccolillo/Documents/cat_doorbell/Cat_Doorbell/vivado/ultra96_basic_system/ultra96_basic_system.gen/sources_1/bd/bd/ipshared/c40e/hdl/axi_crossbar_v2_1_vl_rfs.v:4346]
WARNING: [Synth 8-6014] Unused sequential element gen_multi_thread.gen_thread_loop[2].gen_debug_r_multi_thread.debug_r_beat_cnt_i_reg was removed.  [/home/caccolillo/Documents/cat_doorbell/Cat_Doorbell/vivado/ultra96_basic_system/ultra96_basic_system.gen/sources_1/bd/bd/ipshared/c40e/hdl/axi_crossbar_v2_1_vl_rfs.v:4346]
WARNING: [Synth 8-6014] Unused sequential element gen_multi_thread.gen_thread_loop[3].gen_debug_r_multi_thread.debug_r_beat_cnt_i_reg was removed.  [/home/caccolillo/Documents/cat_doorbell/Cat_Doorbell/vivado/ultra96_basic_system/ultra96_basic_system.gen/sources_1/bd/bd/ipshared/c40e/hdl/axi_crossbar_v2_1_vl_rfs.v:4346]
WARNING: [Synth 8-6014] Unused sequential element gen_multi_thread.gen_thread_loop[4].gen_debug_r_multi_thread.debug_r_beat_cnt_i_reg was removed.  [/home/caccolillo/Documents/cat_doorbell/Cat_Doorbell/vivado/ultra96_basic_system/ultra96_basic_system.gen/sources_1/bd/bd/ipshared/c40e/hdl/axi_crossbar_v2_1_vl_rfs.v:4346]
WARNING: [Synth 8-6014] Unused sequential element gen_multi_thread.gen_thread_loop[5].gen_debug_r_multi_thread.debug_r_beat_cnt_i_reg was removed.  [/home/caccolillo/Documents/cat_doorbell/Cat_Doorbell/vivado/ultra96_basic_system/ultra96_basic_system.gen/sources_1/bd/bd/ipshared/c40e/hdl/axi_crossbar_v2_1_vl_rfs.v:4346]
WARNING: [Synth 8-6014] Unused sequential element gen_multi_thread.gen_thread_loop[6].gen_debug_r_multi_thread.debug_r_beat_cnt_i_reg was removed.  [/home/caccolillo/Documents/cat_doorbell/Cat_Doorbell/vivado/ultra96_basic_system/ultra96_basic_system.gen/sources_1/bd/bd/ipshared/c40e/hdl/axi_crossbar_v2_1_vl_rfs.v:4346]
WARNING: [Synth 8-6014] Unused sequential element gen_multi_thread.gen_thread_loop[7].gen_debug_r_multi_thread.debug_r_beat_cnt_i_reg was removed.  [/home/caccolillo/Documents/cat_doorbell/Cat_Doorbell/vivado/ultra96_basic_system/ultra96_basic_system.gen/sources_1/bd/bd/ipshared/c40e/hdl/axi_crossbar_v2_1_vl_rfs.v:4346]
WARNING: [Synth 8-6014] Unused sequential element gen_multi_thread.gen_thread_loop[0].gen_debug_r_multi_thread.debug_r_beat_cnt_i_reg was removed.  [/home/caccolillo/Documents/cat_doorbell/Cat_Doorbell/vivado/ultra96_basic_system/ultra96_basic_system.gen/sources_1/bd/bd/ipshared/c40e/hdl/axi_crossbar_v2_1_vl_rfs.v:4346]
WARNING: [Synth 8-6014] Unused sequential element gen_multi_thread.gen_thread_loop[1].gen_debug_r_multi_thread.debug_r_beat_cnt_i_reg was removed.  [/home/caccolillo/Documents/cat_doorbell/Cat_Doorbell/vivado/ultra96_basic_system/ultra96_basic_system.gen/sources_1/bd/bd/ipshared/c40e/hdl/axi_crossbar_v2_1_vl_rfs.v:4346]
WARNING: [Synth 8-6014] Unused sequential element gen_multi_thread.gen_thread_loop[2].gen_debug_r_multi_thread.debug_r_beat_cnt_i_reg was removed.  [/home/caccolillo/Documents/cat_doorbell/Cat_Doorbell/vivado/ultra96_basic_system/ultra96_basic_system.gen/sources_1/bd/bd/ipshared/c40e/hdl/axi_crossbar_v2_1_vl_rfs.v:4346]
WARNING: [Synth 8-6014] Unused sequential element gen_multi_thread.gen_thread_loop[3].gen_debug_r_multi_thread.debug_r_beat_cnt_i_reg was removed.  [/home/caccolillo/Documents/cat_doorbell/Cat_Doorbell/vivado/ultra96_basic_system/ultra96_basic_system.gen/sources_1/bd/bd/ipshared/c40e/hdl/axi_crossbar_v2_1_vl_rfs.v:4346]
WARNING: [Synth 8-6014] Unused sequential element gen_multi_thread.gen_thread_loop[4].gen_debug_r_multi_thread.debug_r_beat_cnt_i_reg was removed.  [/home/caccolillo/Documents/cat_doorbell/Cat_Doorbell/vivado/ultra96_basic_system/ultra96_basic_system.gen/sources_1/bd/bd/ipshared/c40e/hdl/axi_crossbar_v2_1_vl_rfs.v:4346]
WARNING: [Synth 8-6014] Unused sequential element gen_multi_thread.gen_thread_loop[5].gen_debug_r_multi_thread.debug_r_beat_cnt_i_reg was removed.  [/home/caccolillo/Documents/cat_doorbell/Cat_Doorbell/vivado/ultra96_basic_system/ultra96_basic_system.gen/sources_1/bd/bd/ipshared/c40e/hdl/axi_crossbar_v2_1_vl_rfs.v:4346]
WARNING: [Synth 8-6014] Unused sequential element gen_multi_thread.gen_thread_loop[6].gen_debug_r_multi_thread.debug_r_beat_cnt_i_reg was removed.  [/home/caccolillo/Documents/cat_doorbell/Cat_Doorbell/vivado/ultra96_basic_system/ultra96_basic_system.gen/sources_1/bd/bd/ipshared/c40e/hdl/axi_crossbar_v2_1_vl_rfs.v:4346]
WARNING: [Synth 8-6014] Unused sequential element gen_multi_thread.gen_thread_loop[7].gen_debug_r_multi_thread.debug_r_beat_cnt_i_reg was removed.  [/home/caccolillo/Documents/cat_doorbell/Cat_Doorbell/vivado/ultra96_basic_system/ultra96_basic_system.gen/sources_1/bd/bd/ipshared/c40e/hdl/axi_crossbar_v2_1_vl_rfs.v:4346]
WARNING: [Synth 8-6014] Unused sequential element gen_multi_thread.gen_thread_loop[0].gen_debug_r_multi_thread.debug_r_beat_cnt_i_reg was removed.  [/home/caccolillo/Documents/cat_doorbell/Cat_Doorbell/vivado/ultra96_basic_system/ultra96_basic_system.gen/sources_1/bd/bd/ipshared/c40e/hdl/axi_crossbar_v2_1_vl_rfs.v:4346]
WARNING: [Synth 8-6014] Unused sequential element gen_multi_thread.gen_thread_loop[1].gen_debug_r_multi_thread.debug_r_beat_cnt_i_reg was removed.  [/home/caccolillo/Documents/cat_doorbell/Cat_Doorbell/vivado/ultra96_basic_system/ultra96_basic_system.gen/sources_1/bd/bd/ipshared/c40e/hdl/axi_crossbar_v2_1_vl_rfs.v:4346]
WARNING: [Synth 8-6014] Unused sequential element gen_multi_thread.gen_thread_loop[2].gen_debug_r_multi_thread.debug_r_beat_cnt_i_reg was removed.  [/home/caccolillo/Documents/cat_doorbell/Cat_Doorbell/vivado/ultra96_basic_system/ultra96_basic_system.gen/sources_1/bd/bd/ipshared/c40e/hdl/axi_crossbar_v2_1_vl_rfs.v:4346]
WARNING: [Synth 8-6014] Unused sequential element gen_multi_thread.gen_thread_loop[3].gen_debug_r_multi_thread.debug_r_beat_cnt_i_reg was removed.  [/home/caccolillo/Documents/cat_doorbell/Cat_Doorbell/vivado/ultra96_basic_system/ultra96_basic_system.gen/sources_1/bd/bd/ipshared/c40e/hdl/axi_crossbar_v2_1_vl_rfs.v:4346]
WARNING: [Synth 8-6014] Unused sequential element gen_multi_thread.gen_thread_loop[4].gen_debug_r_multi_thread.debug_r_beat_cnt_i_reg was removed.  [/home/caccolillo/Documents/cat_doorbell/Cat_Doorbell/vivado/ultra96_basic_system/ultra96_basic_system.gen/sources_1/bd/bd/ipshared/c40e/hdl/axi_crossbar_v2_1_vl_rfs.v:4346]
WARNING: [Synth 8-6014] Unused sequential element gen_multi_thread.gen_thread_loop[5].gen_debug_r_multi_thread.debug_r_beat_cnt_i_reg was removed.  [/home/caccolillo/Documents/cat_doorbell/Cat_Doorbell/vivado/ultra96_basic_system/ultra96_basic_system.gen/sources_1/bd/bd/ipshared/c40e/hdl/axi_crossbar_v2_1_vl_rfs.v:4346]
WARNING: [Synth 8-6014] Unused sequential element gen_multi_thread.gen_thread_loop[6].gen_debug_r_multi_thread.debug_r_beat_cnt_i_reg was removed.  [/home/caccolillo/Documents/cat_doorbell/Cat_Doorbell/vivado/ultra96_basic_system/ultra96_basic_system.gen/sources_1/bd/bd/ipshared/c40e/hdl/axi_crossbar_v2_1_vl_rfs.v:4346]
WARNING: [Synth 8-6014] Unused sequential element gen_multi_thread.gen_thread_loop[7].gen_debug_r_multi_thread.debug_r_beat_cnt_i_reg was removed.  [/home/caccolillo/Documents/cat_doorbell/Cat_Doorbell/vivado/ultra96_basic_system/ultra96_basic_system.gen/sources_1/bd/bd/ipshared/c40e/hdl/axi_crossbar_v2_1_vl_rfs.v:4346]
WARNING: [Synth 8-6014] Unused sequential element gen_multi_thread.gen_thread_loop[0].gen_debug_r_multi_thread.debug_r_beat_cnt_i_reg was removed.  [/home/caccolillo/Documents/cat_doorbell/Cat_Doorbell/vivado/ultra96_basic_system/ultra96_basic_system.gen/sources_1/bd/bd/ipshared/c40e/hdl/axi_crossbar_v2_1_vl_rfs.v:4346]
WARNING: [Synth 8-6014] Unused sequential element gen_multi_thread.gen_thread_loop[1].gen_debug_r_multi_thread.debug_r_beat_cnt_i_reg was removed.  [/home/caccolillo/Documents/cat_doorbell/Cat_Doorbell/vivado/ultra96_basic_system/ultra96_basic_system.gen/sources_1/bd/bd/ipshared/c40e/hdl/axi_crossbar_v2_1_vl_rfs.v:4346]
WARNING: [Synth 8-6014] Unused sequential element gen_multi_thread.gen_thread_loop[2].gen_debug_r_multi_thread.debug_r_beat_cnt_i_reg was removed.  [/home/caccolillo/Documents/cat_doorbell/Cat_Doorbell/vivado/ultra96_basic_system/ultra96_basic_system.gen/sources_1/bd/bd/ipshared/c40e/hdl/axi_crossbar_v2_1_vl_rfs.v:4346]
WARNING: [Synth 8-6014] Unused sequential element gen_multi_thread.gen_thread_loop[3].gen_debug_r_multi_thread.debug_r_beat_cnt_i_reg was removed.  [/home/caccolillo/Documents/cat_doorbell/Cat_Doorbell/vivado/ultra96_basic_system/ultra96_basic_system.gen/sources_1/bd/bd/ipshared/c40e/hdl/axi_crossbar_v2_1_vl_rfs.v:4346]
WARNING: [Synth 8-6014] Unused sequential element gen_multi_thread.gen_thread_loop[4].gen_debug_r_multi_thread.debug_r_beat_cnt_i_reg was removed.  [/home/caccolillo/Documents/cat_doorbell/Cat_Doorbell/vivado/ultra96_basic_system/ultra96_basic_system.gen/sources_1/bd/bd/ipshared/c40e/hdl/axi_crossbar_v2_1_vl_rfs.v:4346]
WARNING: [Synth 8-6014] Unused sequential element gen_multi_thread.gen_thread_loop[5].gen_debug_r_multi_thread.debug_r_beat_cnt_i_reg was removed.  [/home/caccolillo/Documents/cat_doorbell/Cat_Doorbell/vivado/ultra96_basic_system/ultra96_basic_system.gen/sources_1/bd/bd/ipshared/c40e/hdl/axi_crossbar_v2_1_vl_rfs.v:4346]
WARNING: [Synth 8-6014] Unused sequential element gen_multi_thread.gen_thread_loop[6].gen_debug_r_multi_thread.debug_r_beat_cnt_i_reg was removed.  [/home/caccolillo/Documents/cat_doorbell/Cat_Doorbell/vivado/ultra96_basic_system/ultra96_basic_system.gen/sources_1/bd/bd/ipshared/c40e/hdl/axi_crossbar_v2_1_vl_rfs.v:4346]
WARNING: [Synth 8-6014] Unused sequential element gen_multi_thread.gen_thread_loop[7].gen_debug_r_multi_thread.debug_r_beat_cnt_i_reg was removed.  [/home/caccolillo/Documents/cat_doorbell/Cat_Doorbell/vivado/ultra96_basic_system/ultra96_basic_system.gen/sources_1/bd/bd/ipshared/c40e/hdl/axi_crossbar_v2_1_vl_rfs.v:4346]
WARNING: [Synth 8-6014] Unused sequential element areset_d1_reg was removed.  [/home/caccolillo/Documents/cat_doorbell/Cat_Doorbell/vivado/ultra96_basic_system/ultra96_basic_system.gen/sources_1/bd/bd/ipshared/3111/hdl/axi_data_fifo_v2_1_vl_rfs.v:750]
WARNING: [Synth 8-6014] Unused sequential element S_READY_i_reg was removed.  [/home/caccolillo/Documents/cat_doorbell/Cat_Doorbell/vivado/ultra96_basic_system/ultra96_basic_system.gen/sources_1/bd/bd/ipshared/3111/hdl/axi_data_fifo_v2_1_vl_rfs.v:789]
WARNING: [Synth 8-6014] Unused sequential element s_ready_i_reg was removed.  [/home/caccolillo/Documents/cat_doorbell/Cat_Doorbell/vivado/ultra96_basic_system/ultra96_basic_system.gen/sources_1/bd/bd/ipshared/3111/hdl/axi_data_fifo_v2_1_vl_rfs.v:1038]
WARNING: [Synth 8-6014] Unused sequential element areset_d1_reg was removed.  [/home/caccolillo/Documents/cat_doorbell/Cat_Doorbell/vivado/ultra96_basic_system/ultra96_basic_system.gen/sources_1/bd/bd/ipshared/3111/hdl/axi_data_fifo_v2_1_vl_rfs.v:750]
WARNING: [Synth 8-6014] Unused sequential element S_READY_i_reg was removed.  [/home/caccolillo/Documents/cat_doorbell/Cat_Doorbell/vivado/ultra96_basic_system/ultra96_basic_system.gen/sources_1/bd/bd/ipshared/3111/hdl/axi_data_fifo_v2_1_vl_rfs.v:789]
WARNING: [Synth 8-6014] Unused sequential element s_ready_i_reg was removed.  [/home/caccolillo/Documents/cat_doorbell/Cat_Doorbell/vivado/ultra96_basic_system/ultra96_basic_system.gen/sources_1/bd/bd/ipshared/3111/hdl/axi_data_fifo_v2_1_vl_rfs.v:1038]
WARNING: [Synth 8-6014] Unused sequential element gen_master_slots[0].gen_mi_write.gen_debug_w.debug_w_beat_cnt_i_reg was removed.  [/home/caccolillo/Documents/cat_doorbell/Cat_Doorbell/vivado/ultra96_basic_system/ultra96_basic_system.gen/sources_1/bd/bd/ipshared/c40e/hdl/axi_crossbar_v2_1_vl_rfs.v:2997]
WARNING: [Synth 8-6014] Unused sequential element gen_master_slots[1].gen_mi_write.gen_debug_w.debug_w_beat_cnt_i_reg was removed.  [/home/caccolillo/Documents/cat_doorbell/Cat_Doorbell/vivado/ultra96_basic_system/ultra96_basic_system.gen/sources_1/bd/bd/ipshared/c40e/hdl/axi_crossbar_v2_1_vl_rfs.v:2997]
WARNING: [Synth 8-6014] Unused sequential element gen_master_slots[2].gen_mi_write.gen_debug_w.debug_w_beat_cnt_i_reg was removed.  [/home/caccolillo/Documents/cat_doorbell/Cat_Doorbell/vivado/ultra96_basic_system/ultra96_basic_system.gen/sources_1/bd/bd/ipshared/c40e/hdl/axi_crossbar_v2_1_vl_rfs.v:2997]
WARNING: [Synth 8-6014] Unused sequential element gen_master_slots[3].gen_mi_write.gen_debug_w.debug_w_beat_cnt_i_reg was removed.  [/home/caccolillo/Documents/cat_doorbell/Cat_Doorbell/vivado/ultra96_basic_system/ultra96_basic_system.gen/sources_1/bd/bd/ipshared/c40e/hdl/axi_crossbar_v2_1_vl_rfs.v:2997]
WARNING: [Synth 8-7129] Port ACLK in module axi_register_slice_v2_1_27_axic_register_slice is either unconnected or has no load
WARNING: [Synth 8-7129] Port ARESET in module axi_register_slice_v2_1_27_axic_register_slice is either unconnected or has no load
WARNING: [Synth 8-7129] Port ACLK in module axi_register_slice_v2_1_27_axic_register_slice__parameterized0 is either unconnected or has no load
WARNING: [Synth 8-7129] Port ARESET in module axi_register_slice_v2_1_27_axic_register_slice__parameterized0 is either unconnected or has no load
WARNING: [Synth 8-7129] Port s_axi_wid[16] in module axi_infrastructure_v1_1_0_axi2vector is either unconnected or has no load
WARNING: [Synth 8-7129] Port s_axi_wid[15] in module axi_infrastructure_v1_1_0_axi2vector is either unconnected or has no load
WARNING: [Synth 8-7129] Port s_axi_wid[14] in module axi_infrastructure_v1_1_0_axi2vector is either unconnected or has no load
WARNING: [Synth 8-7129] Port s_axi_wid[13] in module axi_infrastructure_v1_1_0_axi2vector is either unconnected or has no load
WARNING: [Synth 8-7129] Port s_axi_wid[12] in module axi_infrastructure_v1_1_0_axi2vector is either unconnected or has no load
WARNING: [Synth 8-7129] Port s_axi_wid[11] in module axi_infrastructure_v1_1_0_axi2vector is either unconnected or has no load
WARNING: [Synth 8-7129] Port s_axi_wid[10] in module axi_infrastructure_v1_1_0_axi2vector is either unconnected or has no load
WARNING: [Synth 8-7129] Port s_axi_wid[9] in module axi_infrastructure_v1_1_0_axi2vector is either unconnected or has no load
WARNING: [Synth 8-7129] Port s_axi_wid[8] in module axi_infrastructure_v1_1_0_axi2vector is either unconnected or has no load
WARNING: [Synth 8-7129] Port s_axi_wid[7] in module axi_infrastructure_v1_1_0_axi2vector is either unconnected or has no load
WARNING: [Synth 8-7129] Port s_axi_wid[6] in module axi_infrastructure_v1_1_0_axi2vector is either unconnected or has no load
WARNING: [Synth 8-7129] Port s_axi_wid[5] in module axi_infrastructure_v1_1_0_axi2vector is either unconnected or has no load
WARNING: [Synth 8-7129] Port s_axi_wid[4] in module axi_infrastructure_v1_1_0_axi2vector is either unconnected or has no load
WARNING: [Synth 8-7129] Port s_axi_wid[3] in module axi_infrastructure_v1_1_0_axi2vector is either unconnected or has no load
WARNING: [Synth 8-7129] Port s_axi_wid[2] in module axi_infrastructure_v1_1_0_axi2vector is either unconnected or has no load
WARNING: [Synth 8-7129] Port s_axi_wid[1] in module axi_infrastructure_v1_1_0_axi2vector is either unconnected or has no load
WARNING: [Synth 8-7129] Port s_axi_wid[0] in module axi_infrastructure_v1_1_0_axi2vector is either unconnected or has no load
WARNING: [Synth 8-7129] Port aclk2x in module axi_register_slice_v2_1_27_axi_register_slice is either unconnected or has no load
WARNING: [Synth 8-7129] Port ADDR[1] in module axi_crossbar_v2_1_28_addr_decoder is either unconnected or has no load
WARNING: [Synth 8-7129] Port ADDR[0] in module axi_crossbar_v2_1_28_addr_decoder is either unconnected or has no load
WARNING: [Synth 8-7129] Port S_ABURST[1] in module axi_crossbar_v2_1_28_si_transactor__parameterized2 is either unconnected or has no load
WARNING: [Synth 8-7129] Port S_ABURST[0] in module axi_crossbar_v2_1_28_si_transactor__parameterized2 is either unconnected or has no load
WARNING: [Synth 8-7129] Port S_ABURST[1] in module axi_crossbar_v2_1_28_si_transactor__parameterized1 is either unconnected or has no load
WARNING: [Synth 8-7129] Port S_ABURST[0] in module axi_crossbar_v2_1_28_si_transactor__parameterized1 is either unconnected or has no load
WARNING: [Synth 8-7129] Port S_ABURST[1] in module axi_crossbar_v2_1_28_si_transactor__parameterized0 is either unconnected or has no load
WARNING: [Synth 8-7129] Port S_ABURST[0] in module axi_crossbar_v2_1_28_si_transactor__parameterized0 is either unconnected or has no load
WARNING: [Synth 8-7129] Port S_ABURST[1] in module axi_crossbar_v2_1_28_si_transactor is either unconnected or has no load
WARNING: [Synth 8-7129] Port S_ABURST[0] in module axi_crossbar_v2_1_28_si_transactor is either unconnected or has no load
WARNING: [Synth 8-7129] Port S_AXI_WID[33] in module axi_crossbar_v2_1_28_crossbar is either unconnected or has no load
WARNING: [Synth 8-7129] Port S_AXI_WID[32] in module axi_crossbar_v2_1_28_crossbar is either unconnected or has no load
WARNING: [Synth 8-7129] Port S_AXI_WID[31] in module axi_crossbar_v2_1_28_crossbar is either unconnected or has no load
WARNING: [Synth 8-7129] Port S_AXI_WID[30] in module axi_crossbar_v2_1_28_crossbar is either unconnected or has no load
WARNING: [Synth 8-7129] Port S_AXI_WID[29] in module axi_crossbar_v2_1_28_crossbar is either unconnected or has no load
WARNING: [Synth 8-7129] Port S_AXI_WID[28] in module axi_crossbar_v2_1_28_crossbar is either unconnected or has no load
WARNING: [Synth 8-7129] Port S_AXI_WID[27] in module axi_crossbar_v2_1_28_crossbar is either unconnected or has no load
WARNING: [Synth 8-7129] Port S_AXI_WID[26] in module axi_crossbar_v2_1_28_crossbar is either unconnected or has no load
WARNING: [Synth 8-7129] Port S_AXI_WID[25] in module axi_crossbar_v2_1_28_crossbar is either unconnected or has no load
WARNING: [Synth 8-7129] Port S_AXI_WID[24] in module axi_crossbar_v2_1_28_crossbar is either unconnected or has no load
WARNING: [Synth 8-7129] Port S_AXI_WID[23] in module axi_crossbar_v2_1_28_crossbar is either unconnected or has no load
WARNING: [Synth 8-7129] Port S_AXI_WID[22] in module axi_crossbar_v2_1_28_crossbar is either unconnected or has no load
WARNING: [Synth 8-7129] Port S_AXI_WID[21] in module axi_crossbar_v2_1_28_crossbar is either unconnected or has no load
WARNING: [Synth 8-7129] Port S_AXI_WID[20] in module axi_crossbar_v2_1_28_crossbar is either unconnected or has no load
WARNING: [Synth 8-7129] Port S_AXI_WID[19] in module axi_crossbar_v2_1_28_crossbar is either unconnected or has no load
WARNING: [Synth 8-7129] Port S_AXI_WID[18] in module axi_crossbar_v2_1_28_crossbar is either unconnected or has no load
WARNING: [Synth 8-7129] Port S_AXI_WID[17] in module axi_crossbar_v2_1_28_crossbar is either unconnected or has no load
WARNING: [Synth 8-7129] Port S_AXI_WID[16] in module axi_crossbar_v2_1_28_crossbar is either unconnected or has no load
WARNING: [Synth 8-7129] Port S_AXI_WID[15] in module axi_crossbar_v2_1_28_crossbar is either unconnected or has no load
WARNING: [Synth 8-7129] Port S_AXI_WID[14] in module axi_crossbar_v2_1_28_crossbar is either unconnected or has no load
WARNING: [Synth 8-7129] Port S_AXI_WID[13] in module axi_crossbar_v2_1_28_crossbar is either unconnected or has no load
WARNING: [Synth 8-7129] Port S_AXI_WID[12] in module axi_crossbar_v2_1_28_crossbar is either unconnected or has no load
WARNING: [Synth 8-7129] Port S_AXI_WID[11] in module axi_crossbar_v2_1_28_crossbar is either unconnected or has no load
WARNING: [Synth 8-7129] Port S_AXI_WID[10] in module axi_crossbar_v2_1_28_crossbar is either unconnected or has no load
WARNING: [Synth 8-7129] Port S_AXI_WID[9] in module axi_crossbar_v2_1_28_crossbar is either unconnected or has no load
WARNING: [Synth 8-7129] Port S_AXI_WID[8] in module axi_crossbar_v2_1_28_crossbar is either unconnected or has no load
WARNING: [Synth 8-7129] Port S_AXI_WID[7] in module axi_crossbar_v2_1_28_crossbar is either unconnected or has no load
WARNING: [Synth 8-7129] Port S_AXI_WID[6] in module axi_crossbar_v2_1_28_crossbar is either unconnected or has no load
WARNING: [Synth 8-7129] Port S_AXI_WID[5] in module axi_crossbar_v2_1_28_crossbar is either unconnected or has no load
WARNING: [Synth 8-7129] Port S_AXI_WID[4] in module axi_crossbar_v2_1_28_crossbar is either unconnected or has no load
WARNING: [Synth 8-7129] Port S_AXI_WID[3] in module axi_crossbar_v2_1_28_crossbar is either unconnected or has no load
WARNING: [Synth 8-7129] Port S_AXI_WID[2] in module axi_crossbar_v2_1_28_crossbar is either unconnected or has no load
WARNING: [Synth 8-7129] Port S_AXI_WID[1] in module axi_crossbar_v2_1_28_crossbar is either unconnected or has no load
WARNING: [Synth 8-7129] Port S_AXI_WID[0] in module axi_crossbar_v2_1_28_crossbar is either unconnected or has no load
WARNING: [Synth 8-7129] Port s_axi_wid[33] in module axi_crossbar_v2_1_28_axi_crossbar is either unconnected or has no load
WARNING: [Synth 8-7129] Port s_axi_wid[32] in module axi_crossbar_v2_1_28_axi_crossbar is either unconnected or has no load
WARNING: [Synth 8-7129] Port s_axi_wid[31] in module axi_crossbar_v2_1_28_axi_crossbar is either unconnected or has no load
WARNING: [Synth 8-7129] Port s_axi_wid[30] in module axi_crossbar_v2_1_28_axi_crossbar is either unconnected or has no load
WARNING: [Synth 8-7129] Port s_axi_wid[29] in module axi_crossbar_v2_1_28_axi_crossbar is either unconnected or has no load
WARNING: [Synth 8-7129] Port s_axi_wid[28] in module axi_crossbar_v2_1_28_axi_crossbar is either unconnected or has no load
WARNING: [Synth 8-7129] Port s_axi_wid[27] in module axi_crossbar_v2_1_28_axi_crossbar is either unconnected or has no load
WARNING: [Synth 8-7129] Port s_axi_wid[26] in module axi_crossbar_v2_1_28_axi_crossbar is either unconnected or has no load
WARNING: [Synth 8-7129] Port s_axi_wid[25] in module axi_crossbar_v2_1_28_axi_crossbar is either unconnected or has no load
WARNING: [Synth 8-7129] Port s_axi_wid[24] in module axi_crossbar_v2_1_28_axi_crossbar is either unconnected or has no load
WARNING: [Synth 8-7129] Port s_axi_wid[23] in module axi_crossbar_v2_1_28_axi_crossbar is either unconnected or has no load
WARNING: [Synth 8-7129] Port s_axi_wid[22] in module axi_crossbar_v2_1_28_axi_crossbar is either unconnected or has no load
WARNING: [Synth 8-7129] Port s_axi_wid[21] in module axi_crossbar_v2_1_28_axi_crossbar is either unconnected or has no load
WARNING: [Synth 8-7129] Port s_axi_wid[20] in module axi_crossbar_v2_1_28_axi_crossbar is either unconnected or has no load
WARNING: [Synth 8-7129] Port s_axi_wid[19] in module axi_crossbar_v2_1_28_axi_crossbar is either unconnected or has no load
WARNING: [Synth 8-7129] Port s_axi_wid[18] in module axi_crossbar_v2_1_28_axi_crossbar is either unconnected or has no load
WARNING: [Synth 8-7129] Port s_axi_wid[17] in module axi_crossbar_v2_1_28_axi_crossbar is either unconnected or has no load
WARNING: [Synth 8-7129] Port s_axi_wid[16] in module axi_crossbar_v2_1_28_axi_crossbar is either unconnected or has no load
WARNING: [Synth 8-7129] Port s_axi_wid[15] in module axi_crossbar_v2_1_28_axi_crossbar is either unconnected or has no load
WARNING: [Synth 8-7129] Port s_axi_wid[14] in module axi_crossbar_v2_1_28_axi_crossbar is either unconnected or has no load
WARNING: [Synth 8-7129] Port s_axi_wid[13] in module axi_crossbar_v2_1_28_axi_crossbar is either unconnected or has no load
WARNING: [Synth 8-7129] Port s_axi_wid[12] in module axi_crossbar_v2_1_28_axi_crossbar is either unconnected or has no load
WARNING: [Synth 8-7129] Port s_axi_wid[11] in module axi_crossbar_v2_1_28_axi_crossbar is either unconnected or has no load
WARNING: [Synth 8-7129] Port s_axi_wid[10] in module axi_crossbar_v2_1_28_axi_crossbar is either unconnected or has no load
WARNING: [Synth 8-7129] Port s_axi_wid[9] in module axi_crossbar_v2_1_28_axi_crossbar is either unconnected or has no load
WARNING: [Synth 8-7129] Port s_axi_wid[8] in module axi_crossbar_v2_1_28_axi_crossbar is either unconnected or has no load
WARNING: [Synth 8-7129] Port s_axi_wid[7] in module axi_crossbar_v2_1_28_axi_crossbar is either unconnected or has no load
WARNING: [Synth 8-7129] Port s_axi_wid[6] in module axi_crossbar_v2_1_28_axi_crossbar is either unconnected or has no load
WARNING: [Synth 8-7129] Port s_axi_wid[5] in module axi_crossbar_v2_1_28_axi_crossbar is either unconnected or has no load
WARNING: [Synth 8-7129] Port s_axi_wid[4] in module axi_crossbar_v2_1_28_axi_crossbar is either unconnected or has no load
WARNING: [Synth 8-7129] Port s_axi_wid[3] in module axi_crossbar_v2_1_28_axi_crossbar is either unconnected or has no load
WARNING: [Synth 8-7129] Port s_axi_wid[2] in module axi_crossbar_v2_1_28_axi_crossbar is either unconnected or has no load
WARNING: [Synth 8-7129] Port s_axi_wid[1] in module axi_crossbar_v2_1_28_axi_crossbar is either unconnected or has no load
WARNING: [Synth 8-7129] Port s_axi_wid[0] in module axi_crossbar_v2_1_28_axi_crossbar is either unconnected or has no load
INFO: [Common 17-14] Message 'Synth 8-7129' appears 100 times and further instances of the messages will be disabled. Use the Tcl command set_msg_config to change the current settings.
---------------------------------------------------------------------------------
Finished RTL Elaboration : Time (s): cpu = 00:00:07 ; elapsed = 00:00:16 . Memory (MB): peak = 3118.434 ; gain = 457.738 ; free physical = 1077 ; free virtual = 16653
Synthesis current peak Physical Memory [PSS] (MB): peak = 2113.896; parent = 2022.201; children = 117.250
Synthesis current peak Virtual Memory [VSS] (MB): peak = 4114.523; parent = 3118.438; children = 996.086
---------------------------------------------------------------------------------
---------------------------------------------------------------------------------
Start Handling Custom Attributes
---------------------------------------------------------------------------------
---------------------------------------------------------------------------------
Finished Handling Custom Attributes : Time (s): cpu = 00:00:08 ; elapsed = 00:00:16 . Memory (MB): peak = 3121.402 ; gain = 460.707 ; free physical = 1036 ; free virtual = 16634
Synthesis current peak Physical Memory [PSS] (MB): peak = 2113.896; parent = 2022.201; children = 117.250
Synthesis current peak Virtual Memory [VSS] (MB): peak = 4117.492; parent = 3121.406; children = 996.086
---------------------------------------------------------------------------------
---------------------------------------------------------------------------------
Finished RTL Optimization Phase 1 : Time (s): cpu = 00:00:08 ; elapsed = 00:00:17 . Memory (MB): peak = 3121.402 ; gain = 460.707 ; free physical = 1031 ; free virtual = 16629
Synthesis current peak Physical Memory [PSS] (MB): peak = 2113.896; parent = 2022.201; children = 117.250
Synthesis current peak Virtual Memory [VSS] (MB): peak = 4117.492; parent = 3121.406; children = 996.086
---------------------------------------------------------------------------------
Netlist sorting complete. Time (s): cpu = 00:00:00.18 ; elapsed = 00:00:00.19 . Memory (MB): peak = 3121.402 ; gain = 0.000 ; free physical = 874 ; free virtual = 16484
INFO: [Project 1-570] Preparing netlist for logic optimization

Processing XDC Constraints
Initializing timing engine
Parsing XDC File [/home/caccolillo/Documents/cat_doorbell/Cat_Doorbell/vivado/ultra96_basic_system/ultra96_basic_system.gen/sources_1/bd/bd/ip/bd_xbar_0/bd_xbar_0_ooc.xdc] for cell 'inst'
Finished Parsing XDC File [/home/caccolillo/Documents/cat_doorbell/Cat_Doorbell/vivado/ultra96_basic_system/ultra96_basic_system.gen/sources_1/bd/bd/ip/bd_xbar_0/bd_xbar_0_ooc.xdc] for cell 'inst'
Parsing XDC File [/home/caccolillo/Documents/cat_doorbell/Cat_Doorbell/vivado/ultra96_basic_system/ultra96_basic_system.runs/bd_xbar_0_synth_1/dont_touch.xdc]
Finished Parsing XDC File [/home/caccolillo/Documents/cat_doorbell/Cat_Doorbell/vivado/ultra96_basic_system/ultra96_basic_system.runs/bd_xbar_0_synth_1/dont_touch.xdc]
Completed Processing XDC Constraints

Netlist sorting complete. Time (s): cpu = 00:00:00 ; elapsed = 00:00:00 . Memory (MB): peak = 3260.879 ; gain = 0.000 ; free physical = 747 ; free virtual = 16409
INFO: [Project 1-111] Unisim Transformation Summary:
No Unisim elements were transformed.

Constraint Validation Runtime : Time (s): cpu = 00:00:00.51 ; elapsed = 00:00:00.2 . Memory (MB): peak = 3260.879 ; gain = 0.000 ; free physical = 833 ; free virtual = 16499
INFO: [Designutils 20-5008] Incremental synthesis strategy off
INFO: [Synth 8-11241] undeclared symbol 'REGCCE', assumed default net type 'wire' [/home/caccolillo/Xilinx/Vivado/2022.2/data/verilog/src/unimacro/BRAM_SINGLE_MACRO.v:2170]
---------------------------------------------------------------------------------
Finished Constraint Validation : Time (s): cpu = 00:00:17 ; elapsed = 00:00:25 . Memory (MB): peak = 3260.879 ; gain = 600.184 ; free physical = 719 ; free virtual = 16449
Synthesis current peak Physical Memory [PSS] (MB): peak = 2140.423; parent = 2023.169; children = 117.254
Synthesis current peak Virtual Memory [VSS] (MB): peak = 4256.969; parent = 3260.883; children = 996.086
---------------------------------------------------------------------------------
---------------------------------------------------------------------------------
Start Loading Part and Timing Information
---------------------------------------------------------------------------------
Loading part: xczu3eg-sbva484-1-i
INFO: [Synth 8-6742] Reading net delay rules and data
---------------------------------------------------------------------------------
Finished Loading Part and Timing Information : Time (s): cpu = 00:00:17 ; elapsed = 00:00:25 . Memory (MB): peak = 3260.879 ; gain = 600.184 ; free physical = 696 ; free virtual = 16429
Synthesis current peak Physical Memory [PSS] (MB): peak = 2140.423; parent = 2023.169; children = 117.254
Synthesis current peak Virtual Memory [VSS] (MB): peak = 4256.969; parent = 3260.883; children = 996.086
---------------------------------------------------------------------------------
---------------------------------------------------------------------------------
Start Applying 'set_property' XDC Constraints
---------------------------------------------------------------------------------
Applied set_property KEEP_HIERARCHY = SOFT for inst. (constraint file  /home/caccolillo/Documents/cat_doorbell/Cat_Doorbell/vivado/ultra96_basic_system/ultra96_basic_system.runs/bd_xbar_0_synth_1/dont_touch.xdc, line 9).
---------------------------------------------------------------------------------
Finished applying 'set_property' XDC Constraints : Time (s): cpu = 00:00:17 ; elapsed = 00:00:26 . Memory (MB): peak = 3260.879 ; gain = 600.184 ; free physical = 693 ; free virtual = 16436
Synthesis current peak Physical Memory [PSS] (MB): peak = 2140.423; parent = 2023.169; children = 117.254
Synthesis current peak Virtual Memory [VSS] (MB): peak = 4256.969; parent = 3260.883; children = 996.086
---------------------------------------------------------------------------------
INFO: [Synth 8-802] inferred FSM for state register 'state_reg' in module 'axi_data_fifo_v2_1_26_axic_reg_srl_fifo'
INFO: [Synth 8-802] inferred FSM for state register 'state_reg' in module 'axi_data_fifo_v2_1_26_axic_reg_srl_fifo__parameterized0'
INFO: [Synth 8-802] inferred FSM for state register 'state_reg' in module 'axi_data_fifo_v2_1_26_axic_reg_srl_fifo__parameterized1'
INFO: [Synth 8-802] inferred FSM for state register 'gen_axi.write_cs_reg' in module 'axi_crossbar_v2_1_28_decerr_slave'
---------------------------------------------------------------------------------------------------
                   State |                     New Encoding |                Previous Encoding 
---------------------------------------------------------------------------------------------------
                    ZERO |                             1000 |                               10
                     ONE |                             0010 |                               11
                     TWO |                             0001 |                               01
                  iSTATE |                             0100 |                               00
---------------------------------------------------------------------------------------------------
INFO: [Synth 8-3354] encoded FSM with state register 'state_reg' using encoding 'one-hot' in module 'axi_data_fifo_v2_1_26_axic_reg_srl_fifo'
---------------------------------------------------------------------------------------------------
                   State |                     New Encoding |                Previous Encoding 
---------------------------------------------------------------------------------------------------
                    ZERO |                             1000 |                               10
                     ONE |                             0010 |                               11
                     TWO |                             0001 |                               01
                  iSTATE |                             0100 |                               00
---------------------------------------------------------------------------------------------------
INFO: [Synth 8-3354] encoded FSM with state register 'state_reg' using encoding 'one-hot' in module 'axi_data_fifo_v2_1_26_axic_reg_srl_fifo__parameterized0'
---------------------------------------------------------------------------------------------------
                   State |                     New Encoding |                Previous Encoding 
---------------------------------------------------------------------------------------------------
                    ZERO |                             1000 |                               10
                     ONE |                             0010 |                               11
                     TWO |                             0001 |                               01
                  iSTATE |                             0100 |                               00
---------------------------------------------------------------------------------------------------
INFO: [Synth 8-3354] encoded FSM with state register 'state_reg' using encoding 'one-hot' in module 'axi_data_fifo_v2_1_26_axic_reg_srl_fifo__parameterized1'
---------------------------------------------------------------------------------------------------
                   State |                     New Encoding |                Previous Encoding 
---------------------------------------------------------------------------------------------------
            P_WRITE_IDLE |                              001 |                               00
            P_WRITE_DATA |                              010 |                               01
            P_WRITE_RESP |                              100 |                               10
---------------------------------------------------------------------------------------------------
INFO: [Synth 8-3354] encoded FSM with state register 'gen_axi.write_cs_reg' using encoding 'one-hot' in module 'axi_crossbar_v2_1_28_decerr_slave'
---------------------------------------------------------------------------------
Finished RTL Optimization Phase 2 : Time (s): cpu = 00:00:18 ; elapsed = 00:00:27 . Memory (MB): peak = 3260.879 ; gain = 600.184 ; free physical = 473 ; free virtual = 16219
Synthesis current peak Physical Memory [PSS] (MB): peak = 2140.423; parent = 2023.169; children = 117.254
Synthesis current peak Virtual Memory [VSS] (MB): peak = 4256.969; parent = 3260.883; children = 996.086
---------------------------------------------------------------------------------
---------------------------------------------------------------------------------
Start RTL Component Statistics 
---------------------------------------------------------------------------------
Detailed RTL Component Info : 
+---Adders : 
	   2 Input    8 Bit       Adders := 3     
	   2 Input    4 Bit       Adders := 74    
	   2 Input    3 Bit       Adders := 13    
	   2 Input    2 Bit       Adders := 3     
	   2 Input    1 Bit       Adders := 2     
+---XORs : 
	   2 Input      1 Bit         XORs := 42    
+---Registers : 
	              149 Bit    Registers := 8     
	              103 Bit    Registers := 2     
	               20 Bit    Registers := 4     
	               17 Bit    Registers := 2     
	                8 Bit    Registers := 3     
	                4 Bit    Registers := 46    
	                3 Bit    Registers := 10    
	                2 Bit    Registers := 21    
	                1 Bit    Registers := 83    
+---Muxes : 
	   2 Input  149 Bit        Muxes := 8     
	   2 Input   64 Bit        Muxes := 32    
	   2 Input   32 Bit        Muxes := 8     
	   2 Input    8 Bit        Muxes := 1     
	   2 Input    4 Bit        Muxes := 28    
	   3 Input    4 Bit        Muxes := 38    
	   2 Input    3 Bit        Muxes := 11    
	   2 Input    2 Bit        Muxes := 93    
	   2 Input    1 Bit        Muxes := 110   
	   4 Input    1 Bit        Muxes := 18    
	   3 Input    1 Bit        Muxes := 9     
---------------------------------------------------------------------------------
Finished RTL Component Statistics 
---------------------------------------------------------------------------------
---------------------------------------------------------------------------------
Start Part Resource Summary
---------------------------------------------------------------------------------
Part Resources:
DSPs: 360 (col length:72)
BRAMs: 432 (col length: RAMB18 72 RAMB36 36)
---------------------------------------------------------------------------------
Finished Part Resource Summary
---------------------------------------------------------------------------------
---------------------------------------------------------------------------------
Start Cross Boundary and Area Optimization
---------------------------------------------------------------------------------
WARNING: [Synth 8-7080] Parallel synthesis criteria is not met
INFO: [Synth 8-3332] Sequential element (wrouter_aw_fifo/FSM_onehot_state_reg[2]) is unused and will be removed from module axi_crossbar_v2_1_28_wdata_router.
INFO: [Synth 8-3332] Sequential element (FSM_onehot_state_reg[2]) is unused and will be removed from module axi_data_fifo_v2_1_26_axic_reg_srl_fifo__parameterized0__1.
INFO: [Synth 8-3332] Sequential element (FSM_onehot_state_reg[2]) is unused and will be removed from module axi_data_fifo_v2_1_26_axic_reg_srl_fifo__parameterized0__2.
INFO: [Synth 8-3332] Sequential element (FSM_onehot_state_reg[2]) is unused and will be removed from module axi_data_fifo_v2_1_26_axic_reg_srl_fifo__parameterized0.
INFO: [Synth 8-3332] Sequential element (gen_wmux.wmux_aw_fifo/FSM_onehot_state_reg[2]) is unused and will be removed from module axi_crossbar_v2_1_28_wdata_mux__parameterized0.
---------------------------------------------------------------------------------
Finished Cross Boundary and Area Optimization : Time (s): cpu = 00:00:51 ; elapsed = 00:01:06 . Memory (MB): peak = 3260.879 ; gain = 600.184 ; free physical = 7326 ; free virtual = 22507
Synthesis current peak Physical Memory [PSS] (MB): peak = 2140.423; parent = 2023.169; children = 117.254
Synthesis current peak Virtual Memory [VSS] (MB): peak = 4256.969; parent = 3260.883; children = 996.086
---------------------------------------------------------------------------------
---------------------------------------------------------------------------------
Start Applying XDC Timing Constraints
---------------------------------------------------------------------------------
---------------------------------------------------------------------------------
Finished Applying XDC Timing Constraints : Time (s): cpu = 00:00:58 ; elapsed = 00:01:14 . Memory (MB): peak = 3544.043 ; gain = 883.348 ; free physical = 6718 ; free virtual = 21959
Synthesis current peak Physical Memory [PSS] (MB): peak = 2503.625; parent = 2389.188; children = 117.254
Synthesis current peak Virtual Memory [VSS] (MB): peak = 4540.133; parent = 3544.047; children = 996.086
---------------------------------------------------------------------------------
---------------------------------------------------------------------------------
Start Timing Optimization
---------------------------------------------------------------------------------
---------------------------------------------------------------------------------
Finished Timing Optimization : Time (s): cpu = 00:01:06 ; elapsed = 00:01:23 . Memory (MB): peak = 3630.941 ; gain = 970.246 ; free physical = 6692 ; free virtual = 21937
Synthesis current peak Physical Memory [PSS] (MB): peak = 2578.635; parent = 2464.198; children = 117.254
Synthesis current peak Virtual Memory [VSS] (MB): peak = 4627.031; parent = 3630.945; children = 996.086
---------------------------------------------------------------------------------
---------------------------------------------------------------------------------
Start Technology Mapping
---------------------------------------------------------------------------------
---------------------------------------------------------------------------------
Finished Technology Mapping : Time (s): cpu = 00:01:08 ; elapsed = 00:01:24 . Memory (MB): peak = 3638.949 ; gain = 978.254 ; free physical = 6686 ; free virtual = 21933
Synthesis current peak Physical Memory [PSS] (MB): peak = 2578.635; parent = 2464.198; children = 117.254
Synthesis current peak Virtual Memory [VSS] (MB): peak = 4635.039; parent = 3638.953; children = 996.086
---------------------------------------------------------------------------------
---------------------------------------------------------------------------------
Start IO Insertion
---------------------------------------------------------------------------------
---------------------------------------------------------------------------------
Start Flattening Before IO Insertion
---------------------------------------------------------------------------------
---------------------------------------------------------------------------------
Finished Flattening Before IO Insertion
---------------------------------------------------------------------------------
---------------------------------------------------------------------------------
Start Final Netlist Cleanup
---------------------------------------------------------------------------------
---------------------------------------------------------------------------------
Finished Final Netlist Cleanup
---------------------------------------------------------------------------------
---------------------------------------------------------------------------------
Finished IO Insertion : Time (s): cpu = 00:01:10 ; elapsed = 00:01:27 . Memory (MB): peak = 3638.949 ; gain = 978.254 ; free physical = 6682 ; free virtual = 21930
Synthesis current peak Physical Memory [PSS] (MB): peak = 2578.635; parent = 2464.198; children = 117.254
Synthesis current peak Virtual Memory [VSS] (MB): peak = 4635.039; parent = 3638.953; children = 996.086
---------------------------------------------------------------------------------
---------------------------------------------------------------------------------
Start Renaming Generated Instances
---------------------------------------------------------------------------------
---------------------------------------------------------------------------------
Finished Renaming Generated Instances : Time (s): cpu = 00:01:10 ; elapsed = 00:01:27 . Memory (MB): peak = 3638.949 ; gain = 978.254 ; free physical = 6682 ; free virtual = 21930
Synthesis current peak Physical Memory [PSS] (MB): peak = 2578.635; parent = 2464.198; children = 117.254
Synthesis current peak Virtual Memory [VSS] (MB): peak = 4635.039; parent = 3638.953; children = 996.086
---------------------------------------------------------------------------------
---------------------------------------------------------------------------------
Start Rebuilding User Hierarchy
---------------------------------------------------------------------------------
---------------------------------------------------------------------------------
Finished Rebuilding User Hierarchy : Time (s): cpu = 00:01:11 ; elapsed = 00:01:27 . Memory (MB): peak = 3638.949 ; gain = 978.254 ; free physical = 6682 ; free virtual = 21930
Synthesis current peak Physical Memory [PSS] (MB): peak = 2578.635; parent = 2464.198; children = 117.254
Synthesis current peak Virtual Memory [VSS] (MB): peak = 4635.039; parent = 3638.953; children = 996.086
---------------------------------------------------------------------------------
---------------------------------------------------------------------------------
Start Renaming Generated Ports
---------------------------------------------------------------------------------
---------------------------------------------------------------------------------
Finished Renaming Generated Ports : Time (s): cpu = 00:01:11 ; elapsed = 00:01:27 . Memory (MB): peak = 3638.949 ; gain = 978.254 ; free physical = 6682 ; free virtual = 21930
Synthesis current peak Physical Memory [PSS] (MB): peak = 2578.635; parent = 2464.198; children = 117.254
Synthesis current peak Virtual Memory [VSS] (MB): peak = 4635.039; parent = 3638.953; children = 996.086
---------------------------------------------------------------------------------
---------------------------------------------------------------------------------
Start Handling Custom Attributes
---------------------------------------------------------------------------------
---------------------------------------------------------------------------------
Finished Handling Custom Attributes : Time (s): cpu = 00:01:11 ; elapsed = 00:01:28 . Memory (MB): peak = 3638.949 ; gain = 978.254 ; free physical = 6682 ; free virtual = 21930
Synthesis current peak Physical Memory [PSS] (MB): peak = 2578.635; parent = 2464.198; children = 117.254
Synthesis current peak Virtual Memory [VSS] (MB): peak = 4635.039; parent = 3638.953; children = 996.086
---------------------------------------------------------------------------------
---------------------------------------------------------------------------------
Start Renaming Generated Nets
---------------------------------------------------------------------------------
---------------------------------------------------------------------------------
Finished Renaming Generated Nets : Time (s): cpu = 00:01:11 ; elapsed = 00:01:28 . Memory (MB): peak = 3638.949 ; gain = 978.254 ; free physical = 6682 ; free virtual = 21930
Synthesis current peak Physical Memory [PSS] (MB): peak = 2578.635; parent = 2464.198; children = 117.254
Synthesis current peak Virtual Memory [VSS] (MB): peak = 4635.039; parent = 3638.953; children = 996.086
---------------------------------------------------------------------------------
---------------------------------------------------------------------------------
Start ROM, RAM, DSP, Shift Register and Retiming Reporting
---------------------------------------------------------------------------------

Dynamic Shift Register Report:
+------------+------------------------------------------------+--------+------------+--------+---------+--------+--------+--------+
|Module Name | RTL Name                                       | Length | Data Width | SRL16E | SRLC32E | Mux F7 | Mux F8 | Mux F9 | 
+------------+------------------------------------------------+--------+------------+--------+---------+--------+--------+--------+
|dsrl        | gen_rtl_shifter.gen_inferred_srl.shift_reg_reg | 32     | 1          | 0      | 1       | 0      | 0      | 0      | 
|dsrl__1     | gen_rtl_shifter.gen_inferred_srl.shift_reg_reg | 32     | 1          | 0      | 1       | 0      | 0      | 0      | 
|dsrl__2     | gen_rtl_shifter.gen_inferred_srl.shift_reg_reg | 32     | 1          | 0      | 1       | 0      | 0      | 0      | 
+------------+------------------------------------------------+--------+------------+--------+---------+--------+--------+--------+

---------------------------------------------------------------------------------
Finished ROM, RAM, DSP, Shift Register and Retiming Reporting
---------------------------------------------------------------------------------
---------------------------------------------------------------------------------
Start Writing Synthesis Report
---------------------------------------------------------------------------------

Report BlackBoxes: 
+-+--------------+----------+
| |BlackBox name |Instances |
+-+--------------+----------+
+-+--------------+----------+

Report Cell Usage: 
+------+--------+------+
|      |Cell    |Count |
+------+--------+------+
|1     |LUT1    |    52|
|2     |LUT2    |    39|
|3     |LUT3    |  1204|
|4     |LUT4    |   479|
|5     |LUT5    |   382|
|6     |LUT6    |   716|
|7     |MUXF7   |     2|
|8     |SRLC32E |     8|
|9     |FDRE    |  2099|
|10    |FDSE    |    37|
+------+--------+------+
---------------------------------------------------------------------------------
Finished Writing Synthesis Report : Time (s): cpu = 00:01:11 ; elapsed = 00:01:28 . Memory (MB): peak = 3638.949 ; gain = 978.254 ; free physical = 6682 ; free virtual = 21930
Synthesis current peak Physical Memory [PSS] (MB): peak = 2578.635; parent = 2464.198; children = 117.254
Synthesis current peak Virtual Memory [VSS] (MB): peak = 4635.039; parent = 3638.953; children = 996.086
---------------------------------------------------------------------------------
Synthesis finished with 0 errors, 0 critical warnings and 116 warnings.
Synthesis Optimization Runtime : Time (s): cpu = 00:01:05 ; elapsed = 00:01:23 . Memory (MB): peak = 3638.949 ; gain = 838.777 ; free physical = 6721 ; free virtual = 21969
Synthesis Optimization Complete : Time (s): cpu = 00:01:11 ; elapsed = 00:01:28 . Memory (MB): peak = 3638.957 ; gain = 978.254 ; free physical = 6721 ; free virtual = 21969
INFO: [Project 1-571] Translating synthesized netlist
Netlist sorting complete. Time (s): cpu = 00:00:00.05 ; elapsed = 00:00:00.04 . Memory (MB): peak = 3646.949 ; gain = 0.000 ; free physical = 6830 ; free virtual = 22078
INFO: [Netlist 29-17] Analyzing 2 Unisim elements for replacement
INFO: [Netlist 29-28] Unisim Transformation completed in 0 CPU seconds
INFO: [Project 1-570] Preparing netlist for logic optimization
INFO: [Opt 31-138] Pushed 0 inverter(s) to 0 load pin(s).
Netlist sorting complete. Time (s): cpu = 00:00:00 ; elapsed = 00:00:00 . Memory (MB): peak = 3673.930 ; gain = 0.000 ; free physical = 6779 ; free virtual = 22027
INFO: [Project 1-111] Unisim Transformation Summary:
No Unisim elements were transformed.

Synth Design complete, checksum: 53a86174
INFO: [Common 17-83] Releasing license: Synthesis
123 Infos, 153 Warnings, 0 Critical Warnings and 0 Errors encountered.
synth_design completed successfully
synth_design: Time (s): cpu = 00:01:17 ; elapsed = 00:01:34 . Memory (MB): peak = 3673.930 ; gain = 1843.242 ; free physical = 6997 ; free virtual = 22245
INFO: [Common 17-1381] The checkpoint '/home/caccolillo/Documents/cat_doorbell/Cat_Doorbell/vivado/ultra96_basic_system/ultra96_basic_system.runs/bd_xbar_0_synth_1/bd_xbar_0.dcp' has been generated.
INFO: [Coretcl 2-1648] Added synthesis output to IP cache for IP bd_xbar_0, cache-ID = b1a6af795a511131
INFO: [Coretcl 2-1174] Renamed 50 cell refs.
INFO: [Common 17-1381] The checkpoint '/home/caccolillo/Documents/cat_doorbell/Cat_Doorbell/vivado/ultra96_basic_system/ultra96_basic_system.runs/bd_xbar_0_synth_1/bd_xbar_0.dcp' has been generated.
INFO: [runtcl-4] Executing : report_utilization -file bd_xbar_0_utilization_synth.rpt -pb bd_xbar_0_utilization_synth.pb
INFO: [Common 17-206] Exiting Vivado at Sat Jul 22 07:47:31 2023...
